<?xml version="1.0" encoding="UTF-8"?>
<coverage generated="1577712445">
  <project timestamp="1577712445">
    <package name="DataExpectation">
      <file name="/home/runner/work/data-expectation/data-expectation/src/AbstractExpectation.php">
        <class name="DataExpectation\AbstractExpectation" namespace="DataExpectation" fullPackage="DataExpectation" package="DataExpectation">
          <metrics complexity="1" methods="1" coveredmethods="0" conditionals="0" coveredconditionals="0" statements="1" coveredstatements="0" elements="2" coveredelements="0"/>
        </class>
        <line num="23" type="method" name="jsonSerialize" visibility="public" complexity="1" crap="2" count="0"/>
        <line num="27" type="stmt" count="0"/>
        <metrics loc="34" ncloc="19" classes="1" methods="1" coveredmethods="0" conditionals="0" coveredconditionals="0" statements="1" coveredstatements="0" elements="2" coveredelements="0"/>
      </file>
      <file name="/home/runner/work/data-expectation/data-expectation/src/AndExpectation.php">
        <class name="DataExpectation\AndExpectation" namespace="DataExpectation" fullPackage="DataExpectation" package="DataExpectation">
          <metrics complexity="9" methods="6" coveredmethods="5" conditionals="0" coveredconditionals="0" statements="16" coveredstatements="14" elements="22" coveredelements="19"/>
        </class>
        <line num="37" type="method" name="__construct" visibility="public" complexity="1" crap="1" count="12"/>
        <line num="45" type="stmt" count="12"/>
        <line num="47" type="stmt" count="12"/>
        <line num="52" type="method" name="jsonSerialize" visibility="public" complexity="1" crap="2" count="0"/>
        <line num="54" type="stmt" count="0"/>
        <line num="56" type="stmt" count="0"/>
        <line num="65" type="method" name="getType" visibility="public" complexity="2" crap="2" count="11"/>
        <line num="67" type="stmt" count="11"/>
        <line num="69" type="stmt" count="11"/>
        <line num="71" type="stmt" count="11"/>
        <line num="75" type="stmt" count="11"/>
        <line num="86" type="method" name="expect" visibility="public" complexity="3" crap="3" count="10"/>
        <line num="88" type="stmt" count="10"/>
        <line num="92" type="stmt" count="10"/>
        <line num="94" type="stmt" count="5"/>
        <line num="96" type="stmt" count="5"/>
        <line num="102" type="stmt" count="6"/>
        <line num="109" type="method" name="getExpectations" visibility="public" complexity="1" crap="1" count="11"/>
        <line num="111" type="stmt" count="11"/>
        <line num="120" type="method" name="setExpectations" visibility="public" complexity="1" crap="1" count="12"/>
        <line num="122" type="stmt" count="12"/>
        <line num="123" type="stmt" count="12"/>
        <metrics loc="127" ncloc="84" classes="1" methods="6" coveredmethods="5" conditionals="0" coveredconditionals="0" statements="16" coveredstatements="14" elements="22" coveredelements="19"/>
      </file>
      <file name="/home/runner/work/data-expectation/data-expectation/src/ArrayDiffExpectation.php">
        <class name="DataExpectation\ArrayDiffExpectation" namespace="DataExpectation" fullPackage="DataExpectation" package="DataExpectation">
          <metrics complexity="9" methods="8" coveredmethods="7" conditionals="0" coveredconditionals="0" statements="18" coveredstatements="16" elements="26" coveredelements="23"/>
        </class>
        <line num="41" type="method" name="__construct" visibility="public" complexity="1" crap="1" count="3"/>
        <line num="44" type="stmt" count="3"/>
        <line num="45" type="stmt" count="3"/>
        <line num="47" type="stmt" count="3"/>
        <line num="52" type="method" name="jsonSerialize" visibility="public" complexity="1" crap="2" count="0"/>
        <line num="54" type="stmt" count="0"/>
        <line num="56" type="stmt" count="0"/>
        <line num="65" type="method" name="getType" visibility="public" complexity="1" crap="1" count="2"/>
        <line num="69" type="stmt" count="2"/>
        <line num="70" type="stmt" count="2"/>
        <line num="71" type="stmt" count="2"/>
        <line num="82" type="method" name="expect" visibility="public" complexity="2" crap="2" count="3"/>
        <line num="86" type="stmt" count="3"/>
        <line num="88" type="stmt" count="2"/>
        <line num="90" type="stmt" count="2"/>
        <line num="94" type="stmt" count="1"/>
        <line num="101" type="method" name="getCompare" visibility="public" complexity="1" crap="1" count="3"/>
        <line num="103" type="stmt" count="3"/>
        <line num="112" type="method" name="setCompare" visibility="public" complexity="1" crap="1" count="3"/>
        <line num="114" type="stmt" count="3"/>
        <line num="115" type="stmt" count="3"/>
        <line num="122" type="method" name="getExpectation" visibility="public" complexity="1" crap="1" count="3"/>
        <line num="124" type="stmt" count="3"/>
        <line num="133" type="method" name="setExpectation" visibility="public" complexity="1" crap="1" count="3"/>
        <line num="135" type="stmt" count="3"/>
        <line num="136" type="stmt" count="3"/>
        <metrics loc="140" ncloc="87" classes="1" methods="8" coveredmethods="7" conditionals="0" coveredconditionals="0" statements="18" coveredstatements="16" elements="26" coveredelements="23"/>
      </file>
      <file name="/home/runner/work/data-expectation/data-expectation/src/ArrayExpectation.php">
        <class name="DataExpectation\ArrayExpectation" namespace="DataExpectation" fullPackage="DataExpectation" package="DataExpectation">
          <metrics complexity="3" methods="2" coveredmethods="2" conditionals="0" coveredconditionals="0" statements="4" coveredstatements="4" elements="6" coveredelements="6"/>
        </class>
        <line num="25" type="method" name="getType" visibility="public" complexity="1" crap="1" count="9"/>
        <line num="27" type="stmt" count="9"/>
        <line num="38" type="method" name="expect" visibility="public" complexity="2" crap="2" count="12"/>
        <line num="40" type="stmt" count="12"/>
        <line num="42" type="stmt" count="5"/>
        <line num="46" type="stmt" count="10"/>
        <metrics loc="50" ncloc="28" classes="1" methods="2" coveredmethods="2" conditionals="0" coveredconditionals="0" statements="4" coveredstatements="4" elements="6" coveredelements="6"/>
      </file>
      <file name="/home/runner/work/data-expectation/data-expectation/src/ArrayIntersectExpectation.php">
        <class name="DataExpectation\ArrayIntersectExpectation" namespace="DataExpectation" fullPackage="DataExpectation" package="DataExpectation">
          <metrics complexity="9" methods="8" coveredmethods="7" conditionals="0" coveredconditionals="0" statements="18" coveredstatements="16" elements="26" coveredelements="23"/>
        </class>
        <line num="41" type="method" name="__construct" visibility="public" complexity="1" crap="1" count="3"/>
        <line num="44" type="stmt" count="3"/>
        <line num="45" type="stmt" count="3"/>
        <line num="47" type="stmt" count="3"/>
        <line num="52" type="method" name="jsonSerialize" visibility="public" complexity="1" crap="2" count="0"/>
        <line num="54" type="stmt" count="0"/>
        <line num="56" type="stmt" count="0"/>
        <line num="65" type="method" name="getType" visibility="public" complexity="1" crap="1" count="2"/>
        <line num="69" type="stmt" count="2"/>
        <line num="70" type="stmt" count="2"/>
        <line num="71" type="stmt" count="2"/>
        <line num="82" type="method" name="expect" visibility="public" complexity="2" crap="2" count="3"/>
        <line num="86" type="stmt" count="3"/>
        <line num="88" type="stmt" count="2"/>
        <line num="90" type="stmt" count="2"/>
        <line num="94" type="stmt" count="1"/>
        <line num="101" type="method" name="getCompare" visibility="public" complexity="1" crap="1" count="3"/>
        <line num="103" type="stmt" count="3"/>
        <line num="112" type="method" name="setCompare" visibility="public" complexity="1" crap="1" count="3"/>
        <line num="114" type="stmt" count="3"/>
        <line num="115" type="stmt" count="3"/>
        <line num="122" type="method" name="getExpectation" visibility="public" complexity="1" crap="1" count="3"/>
        <line num="124" type="stmt" count="3"/>
        <line num="133" type="method" name="setExpectation" visibility="public" complexity="1" crap="1" count="3"/>
        <line num="135" type="stmt" count="3"/>
        <line num="136" type="stmt" count="3"/>
        <metrics loc="140" ncloc="87" classes="1" methods="8" coveredmethods="7" conditionals="0" coveredconditionals="0" statements="18" coveredstatements="16" elements="26" coveredelements="23"/>
      </file>
      <file name="/home/runner/work/data-expectation/data-expectation/src/ArrayKeysExpectation.php">
        <class name="DataExpectation\ArrayKeysExpectation" namespace="DataExpectation" fullPackage="DataExpectation" package="DataExpectation">
          <metrics complexity="10" methods="8" coveredmethods="7" conditionals="0" coveredconditionals="0" statements="19" coveredstatements="17" elements="27" coveredelements="24"/>
        </class>
        <line num="38" type="method" name="__construct" visibility="public" complexity="1" crap="1" count="3"/>
        <line num="41" type="stmt" count="3"/>
        <line num="42" type="stmt" count="3"/>
        <line num="44" type="stmt" count="3"/>
        <line num="49" type="method" name="jsonSerialize" visibility="public" complexity="1" crap="2" count="0"/>
        <line num="51" type="stmt" count="0"/>
        <line num="53" type="stmt" count="0"/>
        <line num="62" type="method" name="getType" visibility="public" complexity="1" crap="1" count="2"/>
        <line num="64" type="stmt" count="2"/>
        <line num="75" type="method" name="expect" visibility="public" complexity="3" crap="3" count="3"/>
        <line num="79" type="stmt" count="3"/>
        <line num="80" type="stmt" count="3"/>
        <line num="82" type="stmt" count="1"/>
        <line num="86" type="stmt" count="3"/>
        <line num="88" type="stmt" count="2"/>
        <line num="90" type="stmt" count="2"/>
        <line num="94" type="stmt" count="1"/>
        <line num="101" type="method" name="getExpectation" visibility="public" complexity="1" crap="1" count="3"/>
        <line num="103" type="stmt" count="3"/>
        <line num="112" type="method" name="setExpectation" visibility="public" complexity="1" crap="1" count="3"/>
        <line num="114" type="stmt" count="3"/>
        <line num="115" type="stmt" count="3"/>
        <line num="122" type="method" name="isSort" visibility="public" complexity="1" crap="1" count="3"/>
        <line num="124" type="stmt" count="3"/>
        <line num="133" type="method" name="setSort" visibility="public" complexity="1" crap="1" count="3"/>
        <line num="135" type="stmt" count="3"/>
        <line num="136" type="stmt" count="3"/>
        <metrics loc="140" ncloc="87" classes="1" methods="8" coveredmethods="7" conditionals="0" coveredconditionals="0" statements="19" coveredstatements="17" elements="27" coveredelements="24"/>
      </file>
      <file name="/home/runner/work/data-expectation/data-expectation/src/AssociativeArrayExpectation.php">
        <class name="DataExpectation\AssociativeArrayExpectation" namespace="DataExpectation" fullPackage="DataExpectation" package="DataExpectation">
          <metrics complexity="4" methods="2" coveredmethods="2" conditionals="0" coveredconditionals="0" statements="9" coveredstatements="9" elements="11" coveredelements="11"/>
        </class>
        <line num="25" type="method" name="getType" visibility="public" complexity="1" crap="1" count="4"/>
        <line num="27" type="stmt" count="4"/>
        <line num="38" type="method" name="expect" visibility="public" complexity="3" crap="3" count="5"/>
        <line num="40" type="stmt" count="5"/>
        <line num="41" type="stmt" count="5"/>
        <line num="43" type="stmt" count="1"/>
        <line num="47" type="stmt" count="5"/>
        <line num="48" type="stmt" count="5"/>
        <line num="50" type="stmt" count="5"/>
        <line num="52" type="stmt" count="4"/>
        <line num="56" type="stmt" count="1"/>
        <metrics loc="60" ncloc="38" classes="1" methods="2" coveredmethods="2" conditionals="0" coveredconditionals="0" statements="9" coveredstatements="9" elements="11" coveredelements="11"/>
      </file>
      <file name="/home/runner/work/data-expectation/data-expectation/src/BooleanExpectation.php">
        <class name="DataExpectation\BooleanExpectation" namespace="DataExpectation" fullPackage="DataExpectation" package="DataExpectation">
          <metrics complexity="3" methods="2" coveredmethods="2" conditionals="0" coveredconditionals="0" statements="4" coveredstatements="4" elements="6" coveredelements="6"/>
        </class>
        <line num="25" type="method" name="getType" visibility="public" complexity="1" crap="1" count="14"/>
        <line num="27" type="stmt" count="14"/>
        <line num="38" type="method" name="expect" visibility="public" complexity="2" crap="2" count="14"/>
        <line num="40" type="stmt" count="14"/>
        <line num="42" type="stmt" count="6"/>
        <line num="46" type="stmt" count="9"/>
        <metrics loc="50" ncloc="28" classes="1" methods="2" coveredmethods="2" conditionals="0" coveredconditionals="0" statements="4" coveredstatements="4" elements="6" coveredelements="6"/>
      </file>
      <file name="/home/runner/work/data-expectation/data-expectation/src/CallableExpectation.php">
        <class name="DataExpectation\CallableExpectation" namespace="DataExpectation" fullPackage="DataExpectation" package="DataExpectation">
          <metrics complexity="3" methods="2" coveredmethods="2" conditionals="0" coveredconditionals="0" statements="4" coveredstatements="4" elements="6" coveredelements="6"/>
        </class>
        <line num="25" type="method" name="getType" visibility="public" complexity="1" crap="1" count="2"/>
        <line num="27" type="stmt" count="2"/>
        <line num="38" type="method" name="expect" visibility="public" complexity="2" crap="2" count="3"/>
        <line num="40" type="stmt" count="3"/>
        <line num="42" type="stmt" count="2"/>
        <line num="46" type="stmt" count="1"/>
        <metrics loc="50" ncloc="28" classes="1" methods="2" coveredmethods="2" conditionals="0" coveredconditionals="0" statements="4" coveredstatements="4" elements="6" coveredelements="6"/>
      </file>
      <file name="/home/runner/work/data-expectation/data-expectation/src/ClassExistsExpectation.php">
        <class name="DataExpectation\ClassExistsExpectation" namespace="DataExpectation" fullPackage="DataExpectation" package="DataExpectation">
          <metrics complexity="3" methods="2" coveredmethods="2" conditionals="0" coveredconditionals="0" statements="4" coveredstatements="4" elements="6" coveredelements="6"/>
        </class>
        <line num="25" type="method" name="getType" visibility="public" complexity="1" crap="1" count="1"/>
        <line num="27" type="stmt" count="1"/>
        <line num="38" type="method" name="expect" visibility="public" complexity="2" crap="2" count="2"/>
        <line num="40" type="stmt" count="2"/>
        <line num="42" type="stmt" count="1"/>
        <line num="46" type="stmt" count="1"/>
        <metrics loc="50" ncloc="28" classes="1" methods="2" coveredmethods="2" conditionals="0" coveredconditionals="0" statements="4" coveredstatements="4" elements="6" coveredelements="6"/>
      </file>
      <file name="/home/runner/work/data-expectation/data-expectation/src/ClassExpectation.php">
        <class name="DataExpectation\ClassExpectation" namespace="DataExpectation" fullPackage="DataExpectation" package="DataExpectation">
          <metrics complexity="8" methods="6" coveredmethods="5" conditionals="0" coveredconditionals="0" statements="11" coveredstatements="9" elements="17" coveredelements="14"/>
        </class>
        <line num="32" type="method" name="__construct" visibility="public" complexity="1" crap="1" count="4"/>
        <line num="34" type="stmt" count="4"/>
        <line num="36" type="stmt" count="4"/>
        <line num="41" type="method" name="jsonSerialize" visibility="public" complexity="1" crap="2" count="0"/>
        <line num="43" type="stmt" count="0"/>
        <line num="45" type="stmt" count="0"/>
        <line num="54" type="method" name="getType" visibility="public" complexity="1" crap="1" count="3"/>
        <line num="56" type="stmt" count="3"/>
        <line num="67" type="method" name="expect" visibility="public" complexity="3" crap="3" count="4"/>
        <line num="69" type="stmt" count="4"/>
        <line num="71" type="stmt" count="3"/>
        <line num="75" type="stmt" count="1"/>
        <line num="82" type="method" name="getName" visibility="public" complexity="1" crap="1" count="4"/>
        <line num="84" type="stmt" count="4"/>
        <line num="93" type="method" name="setName" visibility="public" complexity="1" crap="1" count="4"/>
        <line num="95" type="stmt" count="4"/>
        <line num="96" type="stmt" count="4"/>
        <metrics loc="100" ncloc="59" classes="1" methods="6" coveredmethods="5" conditionals="0" coveredconditionals="0" statements="11" coveredstatements="9" elements="17" coveredelements="14"/>
      </file>
      <file name="/home/runner/work/data-expectation/data-expectation/src/ClosureExpectation.php">
        <class name="DataExpectation\ClosureExpectation" namespace="DataExpectation" fullPackage="DataExpectation" package="DataExpectation">
          <metrics complexity="4" methods="2" coveredmethods="2" conditionals="0" coveredconditionals="0" statements="4" coveredstatements="4" elements="6" coveredelements="6"/>
        </class>
        <line num="25" type="method" name="getType" visibility="public" complexity="1" crap="1" count="2"/>
        <line num="27" type="stmt" count="2"/>
        <line num="38" type="method" name="expect" visibility="public" complexity="3" crap="3" count="3"/>
        <line num="40" type="stmt" count="3"/>
        <line num="42" type="stmt" count="2"/>
        <line num="46" type="stmt" count="1"/>
        <metrics loc="50" ncloc="28" classes="1" methods="2" coveredmethods="2" conditionals="0" coveredconditionals="0" statements="4" coveredstatements="4" elements="6" coveredelements="6"/>
      </file>
      <file name="/home/runner/work/data-expectation/data-expectation/src/CountExpectation.php">
        <class name="DataExpectation\CountExpectation" namespace="DataExpectation" fullPackage="DataExpectation" package="DataExpectation">
          <metrics complexity="7" methods="6" coveredmethods="5" conditionals="0" coveredconditionals="0" statements="13" coveredstatements="11" elements="19" coveredelements="16"/>
        </class>
        <line num="35" type="method" name="__construct" visibility="public" complexity="1" crap="1" count="3"/>
        <line num="37" type="stmt" count="3"/>
        <line num="39" type="stmt" count="3"/>
        <line num="44" type="method" name="jsonSerialize" visibility="public" complexity="1" crap="2" count="0"/>
        <line num="46" type="stmt" count="0"/>
        <line num="48" type="stmt" count="0"/>
        <line num="57" type="method" name="getType" visibility="public" complexity="1" crap="1" count="2"/>
        <line num="61" type="stmt" count="2"/>
        <line num="62" type="stmt" count="2"/>
        <line num="73" type="method" name="expect" visibility="public" complexity="2" crap="2" count="3"/>
        <line num="77" type="stmt" count="3"/>
        <line num="79" type="stmt" count="2"/>
        <line num="81" type="stmt" count="2"/>
        <line num="85" type="stmt" count="1"/>
        <line num="92" type="method" name="getExpectation" visibility="public" complexity="1" crap="1" count="3"/>
        <line num="94" type="stmt" count="3"/>
        <line num="103" type="method" name="setExpectation" visibility="public" complexity="1" crap="1" count="3"/>
        <line num="105" type="stmt" count="3"/>
        <line num="106" type="stmt" count="3"/>
        <metrics loc="110" ncloc="69" classes="1" methods="6" coveredmethods="5" conditionals="0" coveredconditionals="0" statements="13" coveredstatements="11" elements="19" coveredelements="16"/>
      </file>
      <file name="/home/runner/work/data-expectation/data-expectation/src/CountableExpectation.php">
        <class name="DataExpectation\CountableExpectation" namespace="DataExpectation" fullPackage="DataExpectation" package="DataExpectation">
          <metrics complexity="3" methods="2" coveredmethods="2" conditionals="0" coveredconditionals="0" statements="4" coveredstatements="4" elements="6" coveredelements="6"/>
        </class>
        <line num="25" type="method" name="getType" visibility="public" complexity="1" crap="1" count="2"/>
        <line num="27" type="stmt" count="2"/>
        <line num="38" type="method" name="expect" visibility="public" complexity="2" crap="2" count="3"/>
        <line num="40" type="stmt" count="3"/>
        <line num="42" type="stmt" count="2"/>
        <line num="46" type="stmt" count="1"/>
        <metrics loc="50" ncloc="28" classes="1" methods="2" coveredmethods="2" conditionals="0" coveredconditionals="0" statements="4" coveredstatements="4" elements="6" coveredelements="6"/>
      </file>
      <file name="/home/runner/work/data-expectation/data-expectation/src/EmptyExpectation.php">
        <class name="DataExpectation\EmptyExpectation" namespace="DataExpectation" fullPackage="DataExpectation" package="DataExpectation">
          <metrics complexity="3" methods="2" coveredmethods="2" conditionals="0" coveredconditionals="0" statements="4" coveredstatements="4" elements="6" coveredelements="6"/>
        </class>
        <line num="25" type="method" name="getType" visibility="public" complexity="1" crap="1" count="5"/>
        <line num="27" type="stmt" count="5"/>
        <line num="38" type="method" name="expect" visibility="public" complexity="2" crap="2" count="6"/>
        <line num="40" type="stmt" count="6"/>
        <line num="42" type="stmt" count="2"/>
        <line num="46" type="stmt" count="5"/>
        <metrics loc="50" ncloc="28" classes="1" methods="2" coveredmethods="2" conditionals="0" coveredconditionals="0" statements="4" coveredstatements="4" elements="6" coveredelements="6"/>
      </file>
      <file name="/home/runner/work/data-expectation/data-expectation/src/EnumExpectation.php">
        <class name="DataExpectation\EnumExpectation" namespace="DataExpectation" fullPackage="DataExpectation" package="DataExpectation">
          <metrics complexity="8" methods="6" coveredmethods="5" conditionals="0" coveredconditionals="0" statements="14" coveredstatements="12" elements="20" coveredelements="17"/>
        </class>
        <line num="35" type="method" name="__construct" visibility="public" complexity="1" crap="1" count="6"/>
        <line num="37" type="stmt" count="6"/>
        <line num="39" type="stmt" count="6"/>
        <line num="44" type="method" name="jsonSerialize" visibility="public" complexity="1" crap="2" count="0"/>
        <line num="46" type="stmt" count="0"/>
        <line num="48" type="stmt" count="0"/>
        <line num="57" type="method" name="getType" visibility="public" complexity="2" crap="2" count="4"/>
        <line num="59" type="stmt" count="4"/>
        <line num="61" type="stmt" count="4"/>
        <line num="63" type="stmt" count="4"/>
        <line num="67" type="stmt" count="4"/>
        <line num="78" type="method" name="expect" visibility="public" complexity="2" crap="2" count="6"/>
        <line num="80" type="stmt" count="6"/>
        <line num="82" type="stmt" count="4"/>
        <line num="86" type="stmt" count="2"/>
        <line num="93" type="method" name="getOptions" visibility="public" complexity="1" crap="1" count="6"/>
        <line num="95" type="stmt" count="6"/>
        <line num="104" type="method" name="setOptions" visibility="public" complexity="1" crap="1" count="6"/>
        <line num="106" type="stmt" count="6"/>
        <line num="107" type="stmt" count="6"/>
        <metrics loc="111" ncloc="70" classes="1" methods="6" coveredmethods="5" conditionals="0" coveredconditionals="0" statements="14" coveredstatements="12" elements="20" coveredelements="17"/>
      </file>
      <file name="/home/runner/work/data-expectation/data-expectation/src/FloatExpectation.php">
        <class name="DataExpectation\FloatExpectation" namespace="DataExpectation" fullPackage="DataExpectation" package="DataExpectation">
          <metrics complexity="3" methods="2" coveredmethods="2" conditionals="0" coveredconditionals="0" statements="4" coveredstatements="4" elements="6" coveredelements="6"/>
        </class>
        <line num="25" type="method" name="getType" visibility="public" complexity="1" crap="1" count="1"/>
        <line num="27" type="stmt" count="1"/>
        <line num="38" type="method" name="expect" visibility="public" complexity="2" crap="2" count="2"/>
        <line num="40" type="stmt" count="2"/>
        <line num="42" type="stmt" count="1"/>
        <line num="46" type="stmt" count="1"/>
        <metrics loc="50" ncloc="28" classes="1" methods="2" coveredmethods="2" conditionals="0" coveredconditionals="0" statements="4" coveredstatements="4" elements="6" coveredelements="6"/>
      </file>
      <file name="/home/runner/work/data-expectation/data-expectation/src/FunctionExistsExpectation.php">
        <class name="DataExpectation\FunctionExistsExpectation" namespace="DataExpectation" fullPackage="DataExpectation" package="DataExpectation">
          <metrics complexity="3" methods="2" coveredmethods="2" conditionals="0" coveredconditionals="0" statements="4" coveredstatements="4" elements="6" coveredelements="6"/>
        </class>
        <line num="25" type="method" name="getType" visibility="public" complexity="1" crap="1" count="1"/>
        <line num="27" type="stmt" count="1"/>
        <line num="38" type="method" name="expect" visibility="public" complexity="2" crap="2" count="2"/>
        <line num="40" type="stmt" count="2"/>
        <line num="42" type="stmt" count="1"/>
        <line num="46" type="stmt" count="1"/>
        <metrics loc="50" ncloc="28" classes="1" methods="2" coveredmethods="2" conditionals="0" coveredconditionals="0" statements="4" coveredstatements="4" elements="6" coveredelements="6"/>
      </file>
      <file name="/home/runner/work/data-expectation/data-expectation/src/GreaterThanExpectation.php">
        <class name="DataExpectation\GreaterThanExpectation" namespace="DataExpectation" fullPackage="DataExpectation" package="DataExpectation">
          <metrics complexity="7" methods="6" coveredmethods="5" conditionals="0" coveredconditionals="0" statements="11" coveredstatements="9" elements="17" coveredelements="14"/>
        </class>
        <line num="32" type="method" name="__construct" visibility="public" complexity="1" crap="1" count="7"/>
        <line num="34" type="stmt" count="7"/>
        <line num="36" type="stmt" count="7"/>
        <line num="41" type="method" name="jsonSerialize" visibility="public" complexity="1" crap="2" count="0"/>
        <line num="43" type="stmt" count="0"/>
        <line num="45" type="stmt" count="0"/>
        <line num="54" type="method" name="getType" visibility="public" complexity="1" crap="1" count="6"/>
        <line num="56" type="stmt" count="6"/>
        <line num="67" type="method" name="expect" visibility="public" complexity="2" crap="2" count="7"/>
        <line num="69" type="stmt" count="7"/>
        <line num="71" type="stmt" count="6"/>
        <line num="75" type="stmt" count="1"/>
        <line num="82" type="method" name="getValue" visibility="public" complexity="1" crap="1" count="7"/>
        <line num="84" type="stmt" count="7"/>
        <line num="93" type="method" name="setValue" visibility="public" complexity="1" crap="1" count="7"/>
        <line num="95" type="stmt" count="7"/>
        <line num="96" type="stmt" count="7"/>
        <metrics loc="100" ncloc="59" classes="1" methods="6" coveredmethods="5" conditionals="0" coveredconditionals="0" statements="11" coveredstatements="9" elements="17" coveredelements="14"/>
      </file>
      <file name="/home/runner/work/data-expectation/data-expectation/src/GreaterThanOrEqualExpectation.php">
        <class name="DataExpectation\GreaterThanOrEqualExpectation" namespace="DataExpectation" fullPackage="DataExpectation" package="DataExpectation">
          <metrics complexity="7" methods="6" coveredmethods="5" conditionals="0" coveredconditionals="0" statements="11" coveredstatements="9" elements="17" coveredelements="14"/>
        </class>
        <line num="32" type="method" name="__construct" visibility="public" complexity="1" crap="1" count="6"/>
        <line num="34" type="stmt" count="6"/>
        <line num="36" type="stmt" count="6"/>
        <line num="41" type="method" name="jsonSerialize" visibility="public" complexity="1" crap="2" count="0"/>
        <line num="43" type="stmt" count="0"/>
        <line num="45" type="stmt" count="0"/>
        <line num="54" type="method" name="getType" visibility="public" complexity="1" crap="1" count="5"/>
        <line num="56" type="stmt" count="5"/>
        <line num="67" type="method" name="expect" visibility="public" complexity="2" crap="2" count="6"/>
        <line num="69" type="stmt" count="6"/>
        <line num="71" type="stmt" count="5"/>
        <line num="75" type="stmt" count="1"/>
        <line num="82" type="method" name="getValue" visibility="public" complexity="1" crap="1" count="6"/>
        <line num="84" type="stmt" count="6"/>
        <line num="93" type="method" name="setValue" visibility="public" complexity="1" crap="1" count="6"/>
        <line num="95" type="stmt" count="6"/>
        <line num="96" type="stmt" count="6"/>
        <metrics loc="100" ncloc="59" classes="1" methods="6" coveredmethods="5" conditionals="0" coveredconditionals="0" statements="11" coveredstatements="9" elements="17" coveredelements="14"/>
      </file>
      <file name="/home/runner/work/data-expectation/data-expectation/src/IndexedArrayExpectation.php">
        <class name="DataExpectation\IndexedArrayExpectation" namespace="DataExpectation" fullPackage="DataExpectation" package="DataExpectation">
          <metrics complexity="4" methods="2" coveredmethods="2" conditionals="0" coveredconditionals="0" statements="9" coveredstatements="9" elements="11" coveredelements="11"/>
        </class>
        <line num="25" type="method" name="getType" visibility="public" complexity="1" crap="1" count="3"/>
        <line num="27" type="stmt" count="3"/>
        <line num="38" type="method" name="expect" visibility="public" complexity="3" crap="3" count="4"/>
        <line num="40" type="stmt" count="4"/>
        <line num="41" type="stmt" count="4"/>
        <line num="43" type="stmt" count="1"/>
        <line num="47" type="stmt" count="4"/>
        <line num="48" type="stmt" count="4"/>
        <line num="50" type="stmt" count="4"/>
        <line num="52" type="stmt" count="3"/>
        <line num="56" type="stmt" count="1"/>
        <metrics loc="60" ncloc="38" classes="1" methods="2" coveredmethods="2" conditionals="0" coveredconditionals="0" statements="9" coveredstatements="9" elements="11" coveredelements="11"/>
      </file>
      <file name="/home/runner/work/data-expectation/data-expectation/src/IntegerExpectation.php">
        <class name="DataExpectation\IntegerExpectation" namespace="DataExpectation" fullPackage="DataExpectation" package="DataExpectation">
          <metrics complexity="3" methods="2" coveredmethods="2" conditionals="0" coveredconditionals="0" statements="4" coveredstatements="4" elements="6" coveredelements="6"/>
        </class>
        <line num="25" type="method" name="getType" visibility="public" complexity="1" crap="1" count="21"/>
        <line num="27" type="stmt" count="21"/>
        <line num="38" type="method" name="expect" visibility="public" complexity="2" crap="2" count="24"/>
        <line num="40" type="stmt" count="24"/>
        <line num="42" type="stmt" count="14"/>
        <line num="46" type="stmt" count="12"/>
        <metrics loc="50" ncloc="28" classes="1" methods="2" coveredmethods="2" conditionals="0" coveredconditionals="0" statements="4" coveredstatements="4" elements="6" coveredelements="6"/>
      </file>
      <file name="/home/runner/work/data-expectation/data-expectation/src/IterableExpectation.php">
        <class name="DataExpectation\IterableExpectation" namespace="DataExpectation" fullPackage="DataExpectation" package="DataExpectation">
          <metrics complexity="3" methods="2" coveredmethods="2" conditionals="0" coveredconditionals="0" statements="4" coveredstatements="4" elements="6" coveredelements="6"/>
        </class>
        <line num="25" type="method" name="getType" visibility="public" complexity="1" crap="1" count="2"/>
        <line num="27" type="stmt" count="2"/>
        <line num="38" type="method" name="expect" visibility="public" complexity="2" crap="2" count="3"/>
        <line num="40" type="stmt" count="3"/>
        <line num="42" type="stmt" count="2"/>
        <line num="46" type="stmt" count="1"/>
        <metrics loc="50" ncloc="28" classes="1" methods="2" coveredmethods="2" conditionals="0" coveredconditionals="0" statements="4" coveredstatements="4" elements="6" coveredelements="6"/>
      </file>
      <file name="/home/runner/work/data-expectation/data-expectation/src/ListExpectation.php">
        <class name="DataExpectation\ListExpectation" namespace="DataExpectation" fullPackage="DataExpectation" package="DataExpectation">
          <metrics complexity="9" methods="6" coveredmethods="5" conditionals="0" coveredconditionals="0" statements="15" coveredstatements="13" elements="21" coveredelements="18"/>
        </class>
        <line num="32" type="method" name="__construct" visibility="public" complexity="1" crap="1" count="20"/>
        <line num="34" type="stmt" count="20"/>
        <line num="36" type="stmt" count="20"/>
        <line num="41" type="method" name="jsonSerialize" visibility="public" complexity="1" crap="2" count="0"/>
        <line num="43" type="stmt" count="0"/>
        <line num="45" type="stmt" count="0"/>
        <line num="54" type="method" name="getType" visibility="public" complexity="1" crap="1" count="15"/>
        <line num="56" type="stmt" count="15"/>
        <line num="67" type="method" name="expect" visibility="public" complexity="4" crap="4" count="17"/>
        <line num="69" type="stmt" count="17"/>
        <line num="73" type="stmt" count="17"/>
        <line num="75" type="stmt" count="17"/>
        <line num="76" type="stmt" count="17"/>
        <line num="80" type="stmt" count="7"/>
        <line num="82" type="stmt" count="7"/>
        <line num="88" type="stmt" count="10"/>
        <line num="95" type="method" name="getExpectation" visibility="public" complexity="1" crap="1" count="20"/>
        <line num="97" type="stmt" count="20"/>
        <line num="106" type="method" name="setExpectation" visibility="public" complexity="1" crap="1" count="20"/>
        <line num="108" type="stmt" count="20"/>
        <line num="109" type="stmt" count="20"/>
        <metrics loc="113" ncloc="72" classes="1" methods="6" coveredmethods="5" conditionals="0" coveredconditionals="0" statements="15" coveredstatements="13" elements="21" coveredelements="18"/>
      </file>
      <file name="/home/runner/work/data-expectation/data-expectation/src/LowerThanExpectation.php">
        <class name="DataExpectation\LowerThanExpectation" namespace="DataExpectation" fullPackage="DataExpectation" package="DataExpectation">
          <metrics complexity="7" methods="6" coveredmethods="5" conditionals="0" coveredconditionals="0" statements="11" coveredstatements="9" elements="17" coveredelements="14"/>
        </class>
        <line num="32" type="method" name="__construct" visibility="public" complexity="1" crap="1" count="5"/>
        <line num="34" type="stmt" count="5"/>
        <line num="36" type="stmt" count="5"/>
        <line num="41" type="method" name="jsonSerialize" visibility="public" complexity="1" crap="2" count="0"/>
        <line num="43" type="stmt" count="0"/>
        <line num="45" type="stmt" count="0"/>
        <line num="54" type="method" name="getType" visibility="public" complexity="1" crap="1" count="4"/>
        <line num="56" type="stmt" count="4"/>
        <line num="67" type="method" name="expect" visibility="public" complexity="2" crap="2" count="5"/>
        <line num="69" type="stmt" count="5"/>
        <line num="71" type="stmt" count="4"/>
        <line num="75" type="stmt" count="1"/>
        <line num="82" type="method" name="getValue" visibility="public" complexity="1" crap="1" count="5"/>
        <line num="84" type="stmt" count="5"/>
        <line num="93" type="method" name="setValue" visibility="public" complexity="1" crap="1" count="5"/>
        <line num="95" type="stmt" count="5"/>
        <line num="96" type="stmt" count="5"/>
        <metrics loc="100" ncloc="59" classes="1" methods="6" coveredmethods="5" conditionals="0" coveredconditionals="0" statements="11" coveredstatements="9" elements="17" coveredelements="14"/>
      </file>
      <file name="/home/runner/work/data-expectation/data-expectation/src/LowerThanOrEqualExpectation.php">
        <class name="DataExpectation\LowerThanOrEqualExpectation" namespace="DataExpectation" fullPackage="DataExpectation" package="DataExpectation">
          <metrics complexity="7" methods="6" coveredmethods="5" conditionals="0" coveredconditionals="0" statements="11" coveredstatements="9" elements="17" coveredelements="14"/>
        </class>
        <line num="32" type="method" name="__construct" visibility="public" complexity="1" crap="1" count="3"/>
        <line num="34" type="stmt" count="3"/>
        <line num="36" type="stmt" count="3"/>
        <line num="41" type="method" name="jsonSerialize" visibility="public" complexity="1" crap="2" count="0"/>
        <line num="43" type="stmt" count="0"/>
        <line num="45" type="stmt" count="0"/>
        <line num="54" type="method" name="getType" visibility="public" complexity="1" crap="1" count="2"/>
        <line num="56" type="stmt" count="2"/>
        <line num="67" type="method" name="expect" visibility="public" complexity="2" crap="2" count="3"/>
        <line num="69" type="stmt" count="3"/>
        <line num="71" type="stmt" count="2"/>
        <line num="75" type="stmt" count="1"/>
        <line num="82" type="method" name="getValue" visibility="public" complexity="1" crap="1" count="3"/>
        <line num="84" type="stmt" count="3"/>
        <line num="93" type="method" name="setValue" visibility="public" complexity="1" crap="1" count="3"/>
        <line num="95" type="stmt" count="3"/>
        <line num="96" type="stmt" count="3"/>
        <metrics loc="100" ncloc="59" classes="1" methods="6" coveredmethods="5" conditionals="0" coveredconditionals="0" statements="11" coveredstatements="9" elements="17" coveredelements="14"/>
      </file>
      <file name="/home/runner/work/data-expectation/data-expectation/src/MapExpectation.php">
        <class name="DataExpectation\MapExpectation" namespace="DataExpectation" fullPackage="DataExpectation" package="DataExpectation">
          <metrics complexity="10" methods="6" coveredmethods="5" conditionals="0" coveredconditionals="0" statements="21" coveredstatements="19" elements="27" coveredelements="24"/>
        </class>
        <line num="35" type="method" name="__construct" visibility="public" complexity="1" crap="1" count="10"/>
        <line num="37" type="stmt" count="10"/>
        <line num="38" type="stmt" count="10"/>
        <line num="40" type="stmt" count="10"/>
        <line num="45" type="method" name="jsonSerialize" visibility="public" complexity="1" crap="2" count="0"/>
        <line num="47" type="stmt" count="0"/>
        <line num="49" type="stmt" count="0"/>
        <line num="58" type="method" name="getType" visibility="public" complexity="2" crap="2" count="8"/>
        <line num="60" type="stmt" count="8"/>
        <line num="62" type="stmt" count="8"/>
        <line num="64" type="stmt" count="8"/>
        <line num="68" type="stmt" count="8"/>
        <line num="79" type="method" name="expect" visibility="public" complexity="4" crap="4" count="10"/>
        <line num="81" type="stmt" count="10"/>
        <line num="82" type="stmt" count="10"/>
        <line num="84" type="stmt" count="10"/>
        <line num="88" type="stmt" count="10"/>
        <line num="90" type="stmt" count="10"/>
        <line num="91" type="stmt" count="10"/>
        <line num="95" type="stmt" count="8"/>
        <line num="97" type="stmt" count="8"/>
        <line num="103" type="stmt" count="3"/>
        <line num="110" type="method" name="getExpectations" visibility="public" complexity="1" crap="1" count="10"/>
        <line num="112" type="stmt" count="10"/>
        <line num="121" type="method" name="setExpectations" visibility="public" complexity="1" crap="1" count="10"/>
        <line num="123" type="stmt" count="10"/>
        <line num="124" type="stmt" count="10"/>
        <metrics loc="128" ncloc="87" classes="1" methods="6" coveredmethods="5" conditionals="0" coveredconditionals="0" statements="21" coveredstatements="19" elements="27" coveredelements="24"/>
      </file>
      <file name="/home/runner/work/data-expectation/data-expectation/src/NotExpectation.php">
        <class name="DataExpectation\NotExpectation" namespace="DataExpectation" fullPackage="DataExpectation" package="DataExpectation">
          <metrics complexity="7" methods="6" coveredmethods="5" conditionals="0" coveredconditionals="0" statements="12" coveredstatements="10" elements="18" coveredelements="15"/>
        </class>
        <line num="32" type="method" name="__construct" visibility="public" complexity="1" crap="1" count="6"/>
        <line num="34" type="stmt" count="6"/>
        <line num="36" type="stmt" count="6"/>
        <line num="41" type="method" name="jsonSerialize" visibility="public" complexity="1" crap="2" count="0"/>
        <line num="43" type="stmt" count="0"/>
        <line num="45" type="stmt" count="0"/>
        <line num="54" type="method" name="getType" visibility="public" complexity="1" crap="1" count="4"/>
        <line num="56" type="stmt" count="4"/>
        <line num="67" type="method" name="expect" visibility="public" complexity="2" crap="2" count="6"/>
        <line num="71" type="stmt" count="6"/>
        <line num="73" type="stmt" count="2"/>
        <line num="75" type="stmt" count="2"/>
        <line num="79" type="stmt" count="4"/>
        <line num="86" type="method" name="getExpectation" visibility="public" complexity="1" crap="1" count="6"/>
        <line num="88" type="stmt" count="6"/>
        <line num="97" type="method" name="setExpectation" visibility="public" complexity="1" crap="1" count="6"/>
        <line num="99" type="stmt" count="6"/>
        <line num="100" type="stmt" count="6"/>
        <metrics loc="104" ncloc="63" classes="1" methods="6" coveredmethods="5" conditionals="0" coveredconditionals="0" statements="12" coveredstatements="10" elements="18" coveredelements="15"/>
      </file>
      <file name="/home/runner/work/data-expectation/data-expectation/src/NullExpectation.php">
        <class name="DataExpectation\NullExpectation" namespace="DataExpectation" fullPackage="DataExpectation" package="DataExpectation">
          <metrics complexity="3" methods="2" coveredmethods="2" conditionals="0" coveredconditionals="0" statements="4" coveredstatements="4" elements="6" coveredelements="6"/>
        </class>
        <line num="25" type="method" name="getType" visibility="public" complexity="1" crap="1" count="1"/>
        <line num="27" type="stmt" count="1"/>
        <line num="38" type="method" name="expect" visibility="public" complexity="2" crap="2" count="2"/>
        <line num="40" type="stmt" count="2"/>
        <line num="42" type="stmt" count="1"/>
        <line num="46" type="stmt" count="1"/>
        <metrics loc="50" ncloc="28" classes="1" methods="2" coveredmethods="2" conditionals="0" coveredconditionals="0" statements="4" coveredstatements="4" elements="6" coveredelements="6"/>
      </file>
      <file name="/home/runner/work/data-expectation/data-expectation/src/NumericExpectation.php">
        <class name="DataExpectation\NumericExpectation" namespace="DataExpectation" fullPackage="DataExpectation" package="DataExpectation">
          <metrics complexity="3" methods="2" coveredmethods="2" conditionals="0" coveredconditionals="0" statements="4" coveredstatements="4" elements="6" coveredelements="6"/>
        </class>
        <line num="25" type="method" name="getType" visibility="public" complexity="1" crap="1" count="1"/>
        <line num="27" type="stmt" count="1"/>
        <line num="38" type="method" name="expect" visibility="public" complexity="2" crap="2" count="2"/>
        <line num="40" type="stmt" count="2"/>
        <line num="42" type="stmt" count="1"/>
        <line num="46" type="stmt" count="1"/>
        <metrics loc="50" ncloc="28" classes="1" methods="2" coveredmethods="2" conditionals="0" coveredconditionals="0" statements="4" coveredstatements="4" elements="6" coveredelements="6"/>
      </file>
      <file name="/home/runner/work/data-expectation/data-expectation/src/ObjectExpectation.php">
        <class name="DataExpectation\ObjectExpectation" namespace="DataExpectation" fullPackage="DataExpectation" package="DataExpectation">
          <metrics complexity="3" methods="2" coveredmethods="2" conditionals="0" coveredconditionals="0" statements="4" coveredstatements="4" elements="6" coveredelements="6"/>
        </class>
        <line num="25" type="method" name="getType" visibility="public" complexity="1" crap="1" count="1"/>
        <line num="27" type="stmt" count="1"/>
        <line num="38" type="method" name="expect" visibility="public" complexity="2" crap="2" count="2"/>
        <line num="40" type="stmt" count="2"/>
        <line num="42" type="stmt" count="1"/>
        <line num="46" type="stmt" count="1"/>
        <metrics loc="50" ncloc="28" classes="1" methods="2" coveredmethods="2" conditionals="0" coveredconditionals="0" statements="4" coveredstatements="4" elements="6" coveredelements="6"/>
      </file>
      <file name="/home/runner/work/data-expectation/data-expectation/src/OrExpectation.php">
        <class name="DataExpectation\OrExpectation" namespace="DataExpectation" fullPackage="DataExpectation" package="DataExpectation">
          <metrics complexity="9" methods="6" coveredmethods="5" conditionals="0" coveredconditionals="0" statements="16" coveredstatements="14" elements="22" coveredelements="19"/>
        </class>
        <line num="37" type="method" name="__construct" visibility="public" complexity="1" crap="1" count="5"/>
        <line num="45" type="stmt" count="5"/>
        <line num="47" type="stmt" count="5"/>
        <line num="52" type="method" name="jsonSerialize" visibility="public" complexity="1" crap="2" count="0"/>
        <line num="54" type="stmt" count="0"/>
        <line num="56" type="stmt" count="0"/>
        <line num="65" type="method" name="getType" visibility="public" complexity="2" crap="2" count="4"/>
        <line num="67" type="stmt" count="4"/>
        <line num="69" type="stmt" count="4"/>
        <line num="71" type="stmt" count="4"/>
        <line num="75" type="stmt" count="4"/>
        <line num="86" type="method" name="expect" visibility="public" complexity="3" crap="3" count="5"/>
        <line num="88" type="stmt" count="5"/>
        <line num="92" type="stmt" count="5"/>
        <line num="93" type="stmt" count="1"/>
        <line num="95" type="stmt" count="5"/>
        <line num="99" type="stmt" count="4"/>
        <line num="106" type="method" name="getExpectations" visibility="public" complexity="1" crap="1" count="5"/>
        <line num="108" type="stmt" count="5"/>
        <line num="117" type="method" name="setExpectations" visibility="public" complexity="1" crap="1" count="5"/>
        <line num="119" type="stmt" count="5"/>
        <line num="120" type="stmt" count="5"/>
        <metrics loc="124" ncloc="81" classes="1" methods="6" coveredmethods="5" conditionals="0" coveredconditionals="0" statements="16" coveredstatements="14" elements="22" coveredelements="19"/>
      </file>
      <file name="/home/runner/work/data-expectation/data-expectation/src/RegexMatchExpectation.php">
        <class name="DataExpectation\RegexMatchExpectation" namespace="DataExpectation" fullPackage="DataExpectation" package="DataExpectation">
          <metrics complexity="7" methods="6" coveredmethods="5" conditionals="0" coveredconditionals="0" statements="11" coveredstatements="9" elements="17" coveredelements="14"/>
        </class>
        <line num="32" type="method" name="__construct" visibility="public" complexity="1" crap="1" count="3"/>
        <line num="34" type="stmt" count="3"/>
        <line num="36" type="stmt" count="3"/>
        <line num="41" type="method" name="jsonSerialize" visibility="public" complexity="1" crap="2" count="0"/>
        <line num="43" type="stmt" count="0"/>
        <line num="45" type="stmt" count="0"/>
        <line num="54" type="method" name="getType" visibility="public" complexity="1" crap="1" count="1"/>
        <line num="56" type="stmt" count="1"/>
        <line num="67" type="method" name="expect" visibility="public" complexity="2" crap="2" count="3"/>
        <line num="69" type="stmt" count="3"/>
        <line num="71" type="stmt" count="1"/>
        <line num="75" type="stmt" count="2"/>
        <line num="82" type="method" name="getPattern" visibility="public" complexity="1" crap="1" count="3"/>
        <line num="84" type="stmt" count="3"/>
        <line num="93" type="method" name="setPattern" visibility="public" complexity="1" crap="1" count="3"/>
        <line num="95" type="stmt" count="3"/>
        <line num="96" type="stmt" count="3"/>
        <metrics loc="100" ncloc="59" classes="1" methods="6" coveredmethods="5" conditionals="0" coveredconditionals="0" statements="11" coveredstatements="9" elements="17" coveredelements="14"/>
      </file>
      <file name="/home/runner/work/data-expectation/data-expectation/src/RegexPatternExpectation.php">
        <class name="DataExpectation\RegexPatternExpectation" namespace="DataExpectation" fullPackage="DataExpectation" package="DataExpectation">
          <metrics complexity="3" methods="2" coveredmethods="2" conditionals="0" coveredconditionals="0" statements="5" coveredstatements="5" elements="7" coveredelements="7"/>
        </class>
        <line num="25" type="method" name="getType" visibility="public" complexity="1" crap="1" count="1"/>
        <line num="27" type="stmt" count="1"/>
        <line num="38" type="method" name="expect" visibility="public" complexity="2" crap="2" count="2"/>
        <line num="40" type="stmt" count="2"/>
        <line num="42" type="stmt" count="2"/>
        <line num="44" type="stmt" count="1"/>
        <line num="48" type="stmt" count="1"/>
        <metrics loc="52" ncloc="30" classes="1" methods="2" coveredmethods="2" conditionals="0" coveredconditionals="0" statements="5" coveredstatements="5" elements="7" coveredelements="7"/>
      </file>
      <file name="/home/runner/work/data-expectation/data-expectation/src/ResourceExpectation.php">
        <class name="DataExpectation\ResourceExpectation" namespace="DataExpectation" fullPackage="DataExpectation" package="DataExpectation">
          <metrics complexity="3" methods="2" coveredmethods="2" conditionals="0" coveredconditionals="0" statements="4" coveredstatements="4" elements="6" coveredelements="6"/>
        </class>
        <line num="25" type="method" name="getType" visibility="public" complexity="1" crap="1" count="1"/>
        <line num="27" type="stmt" count="1"/>
        <line num="38" type="method" name="expect" visibility="public" complexity="2" crap="2" count="2"/>
        <line num="40" type="stmt" count="2"/>
        <line num="42" type="stmt" count="1"/>
        <line num="46" type="stmt" count="1"/>
        <metrics loc="50" ncloc="28" classes="1" methods="2" coveredmethods="2" conditionals="0" coveredconditionals="0" statements="4" coveredstatements="4" elements="6" coveredelements="6"/>
      </file>
      <file name="/home/runner/work/data-expectation/data-expectation/src/ScalarExpectation.php">
        <class name="DataExpectation\ScalarExpectation" namespace="DataExpectation" fullPackage="DataExpectation" package="DataExpectation">
          <metrics complexity="3" methods="2" coveredmethods="2" conditionals="0" coveredconditionals="0" statements="4" coveredstatements="4" elements="6" coveredelements="6"/>
        </class>
        <line num="25" type="method" name="getType" visibility="public" complexity="1" crap="1" count="3"/>
        <line num="27" type="stmt" count="3"/>
        <line num="38" type="method" name="expect" visibility="public" complexity="2" crap="2" count="4"/>
        <line num="40" type="stmt" count="4"/>
        <line num="42" type="stmt" count="3"/>
        <line num="46" type="stmt" count="1"/>
        <metrics loc="50" ncloc="28" classes="1" methods="2" coveredmethods="2" conditionals="0" coveredconditionals="0" statements="4" coveredstatements="4" elements="6" coveredelements="6"/>
      </file>
      <file name="/home/runner/work/data-expectation/data-expectation/src/StringExpectation.php">
        <class name="DataExpectation\StringExpectation" namespace="DataExpectation" fullPackage="DataExpectation" package="DataExpectation">
          <metrics complexity="3" methods="2" coveredmethods="2" conditionals="0" coveredconditionals="0" statements="4" coveredstatements="4" elements="6" coveredelements="6"/>
        </class>
        <line num="25" type="method" name="getType" visibility="public" complexity="1" crap="1" count="18"/>
        <line num="27" type="stmt" count="18"/>
        <line num="38" type="method" name="expect" visibility="public" complexity="2" crap="2" count="16"/>
        <line num="40" type="stmt" count="16"/>
        <line num="42" type="stmt" count="9"/>
        <line num="46" type="stmt" count="8"/>
        <metrics loc="50" ncloc="28" classes="1" methods="2" coveredmethods="2" conditionals="0" coveredconditionals="0" statements="4" coveredstatements="4" elements="6" coveredelements="6"/>
      </file>
      <file name="/home/runner/work/data-expectation/data-expectation/src/StringLengthExpectation.php">
        <class name="DataExpectation\StringLengthExpectation" namespace="DataExpectation" fullPackage="DataExpectation" package="DataExpectation">
          <metrics complexity="7" methods="6" coveredmethods="5" conditionals="0" coveredconditionals="0" statements="13" coveredstatements="11" elements="19" coveredelements="16"/>
        </class>
        <line num="35" type="method" name="__construct" visibility="public" complexity="1" crap="1" count="3"/>
        <line num="37" type="stmt" count="3"/>
        <line num="39" type="stmt" count="3"/>
        <line num="44" type="method" name="jsonSerialize" visibility="public" complexity="1" crap="2" count="0"/>
        <line num="46" type="stmt" count="0"/>
        <line num="48" type="stmt" count="0"/>
        <line num="57" type="method" name="getType" visibility="public" complexity="1" crap="1" count="2"/>
        <line num="61" type="stmt" count="2"/>
        <line num="62" type="stmt" count="2"/>
        <line num="73" type="method" name="expect" visibility="public" complexity="2" crap="2" count="3"/>
        <line num="77" type="stmt" count="3"/>
        <line num="79" type="stmt" count="2"/>
        <line num="81" type="stmt" count="2"/>
        <line num="85" type="stmt" count="1"/>
        <line num="92" type="method" name="getExpectation" visibility="public" complexity="1" crap="1" count="3"/>
        <line num="94" type="stmt" count="3"/>
        <line num="103" type="method" name="setExpectation" visibility="public" complexity="1" crap="1" count="3"/>
        <line num="105" type="stmt" count="3"/>
        <line num="106" type="stmt" count="3"/>
        <metrics loc="110" ncloc="69" classes="1" methods="6" coveredmethods="5" conditionals="0" coveredconditionals="0" statements="13" coveredstatements="11" elements="19" coveredelements="16"/>
      </file>
      <file name="/home/runner/work/data-expectation/data-expectation/src/ValueExpectation.php">
        <class name="DataExpectation\ValueExpectation" namespace="DataExpectation" fullPackage="DataExpectation" package="DataExpectation">
          <metrics complexity="11" methods="6" coveredmethods="5" conditionals="0" coveredconditionals="0" statements="21" coveredstatements="19" elements="27" coveredelements="24"/>
        </class>
        <line num="33" type="method" name="__construct" visibility="public" complexity="1" crap="1" count="23"/>
        <line num="35" type="stmt" count="23"/>
        <line num="37" type="stmt" count="23"/>
        <line num="42" type="method" name="jsonSerialize" visibility="public" complexity="1" crap="2" count="0"/>
        <line num="44" type="stmt" count="0"/>
        <line num="46" type="stmt" count="0"/>
        <line num="55" type="method" name="getType" visibility="public" complexity="5" crap="5" count="15"/>
        <line num="59" type="stmt" count="15"/>
        <line num="60" type="stmt" count="1"/>
        <line num="61" type="stmt" count="1"/>
        <line num="63" type="stmt" count="14"/>
        <line num="64" type="stmt" count="1"/>
        <line num="65" type="stmt" count="1"/>
        <line num="68" type="stmt" count="13"/>
        <line num="72" type="stmt" count="15"/>
        <line num="74" type="stmt" count="5"/>
        <line num="78" type="stmt" count="15"/>
        <line num="89" type="method" name="expect" visibility="public" complexity="2" crap="2" count="23"/>
        <line num="93" type="stmt" count="23"/>
        <line num="95" type="stmt" count="15"/>
        <line num="97" type="stmt" count="15"/>
        <line num="101" type="stmt" count="8"/>
        <line num="108" type="method" name="getValue" visibility="public" complexity="1" crap="1" count="23"/>
        <line num="110" type="stmt" count="23"/>
        <line num="119" type="method" name="setValue" visibility="public" complexity="1" crap="1" count="23"/>
        <line num="121" type="stmt" count="23"/>
        <line num="122" type="stmt" count="23"/>
        <metrics loc="126" ncloc="85" classes="1" methods="6" coveredmethods="5" conditionals="0" coveredconditionals="0" statements="21" coveredstatements="19" elements="27" coveredelements="24"/>
      </file>
    </package>
    <package name="DataExpectation\Exceptions">
      <file name="/home/runner/work/data-expectation/data-expectation/src/Exceptions/UnexpectedDataException.php">
        <class name="DataExpectation\Exceptions\UnexpectedDataException" namespace="DataExpectation\Exceptions" fullPackage="DataExpectation" package="DataExpectation">
          <metrics complexity="14" methods="11" coveredmethods="11" conditionals="0" coveredconditionals="0" statements="27" coveredstatements="27" elements="38" coveredelements="38"/>
        </class>
        <line num="47" type="method" name="format" visibility="protected" complexity="2" crap="2" count="97"/>
        <line num="49" type="stmt" count="97"/>
        <line num="51" type="stmt" count="9"/>
        <line num="55" type="stmt" count="90"/>
        <line num="67" type="method" name="__construct" visibility="public" complexity="2" crap="2" count="97"/>
        <line num="77" type="stmt" count="97"/>
        <line num="78" type="stmt" count="97"/>
        <line num="79" type="stmt" count="97"/>
        <line num="80" type="stmt" count="97"/>
        <line num="82" type="stmt" count="97"/>
        <line num="84" type="stmt" count="97"/>
        <line num="85" type="stmt" count="97"/>
        <line num="86" type="stmt" count="97"/>
        <line num="87" type="stmt" count="97"/>
        <line num="89" type="stmt" count="97"/>
        <line num="91" type="stmt" count="97"/>
        <line num="96" type="method" name="getExpectation" visibility="public" complexity="1" crap="1" count="97"/>
        <line num="98" type="stmt" count="97"/>
        <line num="107" type="method" name="setExpectation" visibility="public" complexity="1" crap="1" count="97"/>
        <line num="109" type="stmt" count="97"/>
        <line num="110" type="stmt" count="97"/>
        <line num="117" type="method" name="getExpected" visibility="public" complexity="1" crap="1" count="97"/>
        <line num="119" type="stmt" count="97"/>
        <line num="128" type="method" name="setExpected" visibility="public" complexity="1" crap="1" count="97"/>
        <line num="130" type="stmt" count="97"/>
        <line num="131" type="stmt" count="97"/>
        <line num="138" type="method" name="getActual" visibility="public" complexity="1" crap="1" count="97"/>
        <line num="140" type="stmt" count="97"/>
        <line num="149" type="method" name="setActual" visibility="public" complexity="1" crap="1" count="97"/>
        <line num="151" type="stmt" count="97"/>
        <line num="152" type="stmt" count="97"/>
        <line num="159" type="method" name="hasAt" visibility="public" complexity="1" crap="1" count="97"/>
        <line num="161" type="stmt" count="97"/>
        <line num="168" type="method" name="getAt" visibility="public" complexity="2" crap="2" count="5"/>
        <line num="170" type="stmt" count="5"/>
        <line num="179" type="method" name="setAt" visibility="public" complexity="1" crap="1" count="97"/>
        <line num="181" type="stmt" count="97"/>
        <line num="182" type="stmt" count="97"/>
        <metrics loc="186" ncloc="114" classes="1" methods="11" coveredmethods="11" conditionals="0" coveredconditionals="0" statements="27" coveredstatements="27" elements="38" coveredelements="38"/>
      </file>
    </package>
    <file name="/home/runner/work/data-expectation/data-expectation/src/ExpectationInterface.php">
      <metrics loc="36" ncloc="14" classes="0" methods="0" coveredmethods="0" conditionals="0" coveredconditionals="0" statements="0" coveredstatements="0" elements="0" coveredelements="0"/>
    </file>
    <package name="DataExpectation\Traits">
      <file name="/home/runner/work/data-expectation/data-expectation/src/Traits/IndentTrait.php">
        <class name="IndentTrait" namespace="DataExpectation\Traits" fullPackage="DataExpectation" package="DataExpectation">
          <metrics complexity="1" methods="1" coveredmethods="1" conditionals="0" coveredconditionals="0" statements="1" coveredstatements="1" elements="2" coveredelements="2"/>
        </class>
        <line num="25" type="method" name="indent" visibility="protected" complexity="1" crap="1" count="27"/>
        <line num="27" type="stmt" count="27"/>
        <metrics loc="31" ncloc="14" classes="1" methods="1" coveredmethods="1" conditionals="0" coveredconditionals="0" statements="1" coveredstatements="1" elements="2" coveredelements="2"/>
      </file>
    </package>
    <metrics files="42" loc="3382" ncloc="2038" classes="41" methods="167" coveredmethods="148" conditionals="0" coveredconditionals="0" statements="382" coveredstatements="345" elements="549" coveredelements="493"/>
  </project>
</coverage>
