<?xml version="1.0" encoding="UTF-8"?>
<coverage generated="1588666747">
  <project timestamp="1588666747">
    <package name="DataExpectation">
      <file name="/Users/runner/runners/2.169.1/work/data-expectation/data-expectation/src/AbstractExpectation.php">
        <class name="DataExpectation\AbstractExpectation" namespace="DataExpectation" fullPackage="DataExpectation" package="DataExpectation">
          <metrics complexity="14" methods="3" coveredmethods="3" conditionals="0" coveredconditionals="0" statements="19" coveredstatements="19" elements="22" coveredelements="22"/>
        </class>
        <line num="34" type="method" name="filterDefinition" visibility="protected" complexity="11" crap="11" count="42"/>
        <line num="38" type="stmt" count="42"/>
        <line num="39" type="stmt" count="41"/>
        <line num="40" type="stmt" count="42"/>
        <line num="44" type="stmt" count="17"/>
        <line num="48" type="stmt" count="4"/>
        <line num="50" type="stmt" count="5"/>
        <line num="54" type="stmt" count="15"/>
        <line num="58" type="stmt" count="41"/>
        <line num="60" type="stmt" count="1"/>
        <line num="64" type="stmt" count="41"/>
        <line num="65" type="stmt" count="41"/>
        <line num="67" type="stmt" count="1"/>
        <line num="73" type="stmt" count="19"/>
        <line num="75" type="stmt" count="40"/>
        <line num="86" type="method" name="fromDefinition" visibility="public" complexity="2" crap="2" count="42"/>
        <line num="88" type="stmt" count="42"/>
        <line num="89" type="stmt" count="41"/>
        <line num="91" type="stmt" count="1"/>
        <line num="95" type="stmt" count="40"/>
        <line num="102" type="method" name="jsonSerialize" visibility="public" complexity="1" crap="1" count="40"/>
        <line num="106" type="stmt" count="40"/>
        <metrics loc="113" ncloc="82" classes="1" methods="3" coveredmethods="3" conditionals="0" coveredconditionals="0" statements="19" coveredstatements="19" elements="22" coveredelements="22"/>
      </file>
      <file name="/Users/runner/runners/2.169.1/work/data-expectation/data-expectation/src/AndExpectation.php">
        <class name="DataExpectation\AndExpectation" namespace="DataExpectation" fullPackage="DataExpectation" package="DataExpectation">
          <metrics complexity="9" methods="6" coveredmethods="6" conditionals="0" coveredconditionals="0" statements="16" coveredstatements="16" elements="22" coveredelements="22"/>
        </class>
        <line num="37" type="method" name="__construct" visibility="public" complexity="1" crap="1" count="14"/>
        <line num="45" type="stmt" count="14"/>
        <line num="47" type="stmt" count="14"/>
        <line num="52" type="method" name="jsonSerialize" visibility="public" complexity="1" crap="1" count="1"/>
        <line num="54" type="stmt" count="1"/>
        <line num="56" type="stmt" count="1"/>
        <line num="65" type="method" name="getType" visibility="public" complexity="2" crap="2" count="12"/>
        <line num="67" type="stmt" count="12"/>
        <line num="69" type="stmt" count="12"/>
        <line num="71" type="stmt" count="12"/>
        <line num="75" type="stmt" count="12"/>
        <line num="86" type="method" name="expect" visibility="public" complexity="3" crap="3" count="9"/>
        <line num="88" type="stmt" count="9"/>
        <line num="92" type="stmt" count="9"/>
        <line num="94" type="stmt" count="5"/>
        <line num="96" type="stmt" count="5"/>
        <line num="102" type="stmt" count="5"/>
        <line num="109" type="method" name="getExpectations" visibility="public" complexity="1" crap="1" count="12"/>
        <line num="111" type="stmt" count="12"/>
        <line num="120" type="method" name="setExpectations" visibility="public" complexity="1" crap="1" count="14"/>
        <line num="122" type="stmt" count="14"/>
        <line num="123" type="stmt" count="14"/>
        <metrics loc="127" ncloc="84" classes="1" methods="6" coveredmethods="6" conditionals="0" coveredconditionals="0" statements="16" coveredstatements="16" elements="22" coveredelements="22"/>
      </file>
      <file name="/Users/runner/runners/2.169.1/work/data-expectation/data-expectation/src/AnythingExpectation.php">
        <class name="DataExpectation\AnythingExpectation" namespace="DataExpectation" fullPackage="DataExpectation" package="DataExpectation">
          <metrics complexity="2" methods="2" coveredmethods="2" conditionals="0" coveredconditionals="0" statements="2" coveredstatements="2" elements="4" coveredelements="4"/>
        </class>
        <line num="27" type="method" name="getType" visibility="public" complexity="1" crap="1" count="1"/>
        <line num="29" type="stmt" count="1"/>
        <line num="39" type="method" name="expect" visibility="public" complexity="1" crap="1" count="1"/>
        <line num="41" type="stmt" count="1"/>
        <metrics loc="45" ncloc="24" classes="1" methods="2" coveredmethods="2" conditionals="0" coveredconditionals="0" statements="2" coveredstatements="2" elements="4" coveredelements="4"/>
      </file>
      <file name="/Users/runner/runners/2.169.1/work/data-expectation/data-expectation/src/ArrayDiffExpectation.php">
        <class name="DataExpectation\ArrayDiffExpectation" namespace="DataExpectation" fullPackage="DataExpectation" package="DataExpectation">
          <metrics complexity="9" methods="8" coveredmethods="8" conditionals="0" coveredconditionals="0" statements="18" coveredstatements="18" elements="26" coveredelements="26"/>
        </class>
        <line num="41" type="method" name="__construct" visibility="public" complexity="1" crap="1" count="5"/>
        <line num="44" type="stmt" count="5"/>
        <line num="45" type="stmt" count="5"/>
        <line num="47" type="stmt" count="5"/>
        <line num="52" type="method" name="jsonSerialize" visibility="public" complexity="1" crap="1" count="1"/>
        <line num="54" type="stmt" count="1"/>
        <line num="56" type="stmt" count="1"/>
        <line num="65" type="method" name="getType" visibility="public" complexity="1" crap="1" count="3"/>
        <line num="69" type="stmt" count="3"/>
        <line num="70" type="stmt" count="3"/>
        <line num="71" type="stmt" count="3"/>
        <line num="82" type="method" name="expect" visibility="public" complexity="2" crap="2" count="3"/>
        <line num="86" type="stmt" count="3"/>
        <line num="88" type="stmt" count="2"/>
        <line num="90" type="stmt" count="2"/>
        <line num="94" type="stmt" count="1"/>
        <line num="101" type="method" name="getCompare" visibility="public" complexity="1" crap="1" count="4"/>
        <line num="103" type="stmt" count="4"/>
        <line num="112" type="method" name="setCompare" visibility="public" complexity="1" crap="1" count="5"/>
        <line num="114" type="stmt" count="5"/>
        <line num="115" type="stmt" count="5"/>
        <line num="122" type="method" name="getExpectation" visibility="public" complexity="1" crap="1" count="4"/>
        <line num="124" type="stmt" count="4"/>
        <line num="133" type="method" name="setExpectation" visibility="public" complexity="1" crap="1" count="5"/>
        <line num="135" type="stmt" count="5"/>
        <line num="136" type="stmt" count="5"/>
        <metrics loc="140" ncloc="87" classes="1" methods="8" coveredmethods="8" conditionals="0" coveredconditionals="0" statements="18" coveredstatements="18" elements="26" coveredelements="26"/>
      </file>
      <file name="/Users/runner/runners/2.169.1/work/data-expectation/data-expectation/src/ArrayExpectation.php">
        <class name="DataExpectation\ArrayExpectation" namespace="DataExpectation" fullPackage="DataExpectation" package="DataExpectation">
          <metrics complexity="3" methods="2" coveredmethods="2" conditionals="0" coveredconditionals="0" statements="4" coveredstatements="4" elements="6" coveredelements="6"/>
        </class>
        <line num="25" type="method" name="getType" visibility="public" complexity="1" crap="1" count="13"/>
        <line num="27" type="stmt" count="13"/>
        <line num="38" type="method" name="expect" visibility="public" complexity="2" crap="2" count="12"/>
        <line num="40" type="stmt" count="12"/>
        <line num="42" type="stmt" count="7"/>
        <line num="46" type="stmt" count="8"/>
        <metrics loc="50" ncloc="28" classes="1" methods="2" coveredmethods="2" conditionals="0" coveredconditionals="0" statements="4" coveredstatements="4" elements="6" coveredelements="6"/>
      </file>
      <file name="/Users/runner/runners/2.169.1/work/data-expectation/data-expectation/src/ArrayIntersectExpectation.php">
        <class name="DataExpectation\ArrayIntersectExpectation" namespace="DataExpectation" fullPackage="DataExpectation" package="DataExpectation">
          <metrics complexity="9" methods="8" coveredmethods="8" conditionals="0" coveredconditionals="0" statements="18" coveredstatements="18" elements="26" coveredelements="26"/>
        </class>
        <line num="41" type="method" name="__construct" visibility="public" complexity="1" crap="1" count="5"/>
        <line num="44" type="stmt" count="5"/>
        <line num="45" type="stmt" count="5"/>
        <line num="47" type="stmt" count="5"/>
        <line num="52" type="method" name="jsonSerialize" visibility="public" complexity="1" crap="1" count="1"/>
        <line num="54" type="stmt" count="1"/>
        <line num="56" type="stmt" count="1"/>
        <line num="65" type="method" name="getType" visibility="public" complexity="1" crap="1" count="3"/>
        <line num="69" type="stmt" count="3"/>
        <line num="70" type="stmt" count="3"/>
        <line num="71" type="stmt" count="3"/>
        <line num="82" type="method" name="expect" visibility="public" complexity="2" crap="2" count="3"/>
        <line num="86" type="stmt" count="3"/>
        <line num="88" type="stmt" count="2"/>
        <line num="90" type="stmt" count="2"/>
        <line num="94" type="stmt" count="1"/>
        <line num="101" type="method" name="getCompare" visibility="public" complexity="1" crap="1" count="4"/>
        <line num="103" type="stmt" count="4"/>
        <line num="112" type="method" name="setCompare" visibility="public" complexity="1" crap="1" count="5"/>
        <line num="114" type="stmt" count="5"/>
        <line num="115" type="stmt" count="5"/>
        <line num="122" type="method" name="getExpectation" visibility="public" complexity="1" crap="1" count="4"/>
        <line num="124" type="stmt" count="4"/>
        <line num="133" type="method" name="setExpectation" visibility="public" complexity="1" crap="1" count="5"/>
        <line num="135" type="stmt" count="5"/>
        <line num="136" type="stmt" count="5"/>
        <metrics loc="140" ncloc="87" classes="1" methods="8" coveredmethods="8" conditionals="0" coveredconditionals="0" statements="18" coveredstatements="18" elements="26" coveredelements="26"/>
      </file>
      <file name="/Users/runner/runners/2.169.1/work/data-expectation/data-expectation/src/ArrayKeysExpectation.php">
        <class name="DataExpectation\ArrayKeysExpectation" namespace="DataExpectation" fullPackage="DataExpectation" package="DataExpectation">
          <metrics complexity="10" methods="8" coveredmethods="8" conditionals="0" coveredconditionals="0" statements="19" coveredstatements="19" elements="27" coveredelements="27"/>
        </class>
        <line num="38" type="method" name="__construct" visibility="public" complexity="1" crap="1" count="5"/>
        <line num="41" type="stmt" count="5"/>
        <line num="42" type="stmt" count="5"/>
        <line num="44" type="stmt" count="5"/>
        <line num="49" type="method" name="jsonSerialize" visibility="public" complexity="1" crap="1" count="1"/>
        <line num="51" type="stmt" count="1"/>
        <line num="53" type="stmt" count="1"/>
        <line num="62" type="method" name="getType" visibility="public" complexity="1" crap="1" count="3"/>
        <line num="64" type="stmt" count="3"/>
        <line num="75" type="method" name="expect" visibility="public" complexity="3" crap="3" count="3"/>
        <line num="79" type="stmt" count="3"/>
        <line num="80" type="stmt" count="3"/>
        <line num="82" type="stmt" count="1"/>
        <line num="86" type="stmt" count="3"/>
        <line num="88" type="stmt" count="2"/>
        <line num="90" type="stmt" count="2"/>
        <line num="94" type="stmt" count="1"/>
        <line num="101" type="method" name="getExpectation" visibility="public" complexity="1" crap="1" count="4"/>
        <line num="103" type="stmt" count="4"/>
        <line num="112" type="method" name="setExpectation" visibility="public" complexity="1" crap="1" count="5"/>
        <line num="114" type="stmt" count="5"/>
        <line num="115" type="stmt" count="5"/>
        <line num="122" type="method" name="isSort" visibility="public" complexity="1" crap="1" count="3"/>
        <line num="124" type="stmt" count="3"/>
        <line num="133" type="method" name="setSort" visibility="public" complexity="1" crap="1" count="5"/>
        <line num="135" type="stmt" count="5"/>
        <line num="136" type="stmt" count="5"/>
        <metrics loc="140" ncloc="87" classes="1" methods="8" coveredmethods="8" conditionals="0" coveredconditionals="0" statements="19" coveredstatements="19" elements="27" coveredelements="27"/>
      </file>
      <file name="/Users/runner/runners/2.169.1/work/data-expectation/data-expectation/src/AssociativeArrayExpectation.php">
        <class name="DataExpectation\AssociativeArrayExpectation" namespace="DataExpectation" fullPackage="DataExpectation" package="DataExpectation">
          <metrics complexity="5" methods="2" coveredmethods="2" conditionals="0" coveredconditionals="0" statements="11" coveredstatements="11" elements="13" coveredelements="13"/>
        </class>
        <line num="25" type="method" name="getType" visibility="public" complexity="1" crap="1" count="7"/>
        <line num="27" type="stmt" count="7"/>
        <line num="38" type="method" name="expect" visibility="public" complexity="4" crap="4" count="7"/>
        <line num="40" type="stmt" count="7"/>
        <line num="42" type="stmt" count="2"/>
        <line num="46" type="stmt" count="5"/>
        <line num="47" type="stmt" count="5"/>
        <line num="49" type="stmt" count="1"/>
        <line num="53" type="stmt" count="5"/>
        <line num="54" type="stmt" count="5"/>
        <line num="56" type="stmt" count="5"/>
        <line num="58" type="stmt" count="4"/>
        <line num="62" type="stmt" count="1"/>
        <metrics loc="66" ncloc="44" classes="1" methods="2" coveredmethods="2" conditionals="0" coveredconditionals="0" statements="11" coveredstatements="11" elements="13" coveredelements="13"/>
      </file>
      <file name="/Users/runner/runners/2.169.1/work/data-expectation/data-expectation/src/BooleanExpectation.php">
        <class name="DataExpectation\BooleanExpectation" namespace="DataExpectation" fullPackage="DataExpectation" package="DataExpectation">
          <metrics complexity="3" methods="2" coveredmethods="2" conditionals="0" coveredconditionals="0" statements="4" coveredstatements="4" elements="6" coveredelements="6"/>
        </class>
        <line num="25" type="method" name="getType" visibility="public" complexity="1" crap="1" count="17"/>
        <line num="27" type="stmt" count="17"/>
        <line num="38" type="method" name="expect" visibility="public" complexity="2" crap="2" count="13"/>
        <line num="40" type="stmt" count="13"/>
        <line num="42" type="stmt" count="6"/>
        <line num="46" type="stmt" count="8"/>
        <metrics loc="50" ncloc="28" classes="1" methods="2" coveredmethods="2" conditionals="0" coveredconditionals="0" statements="4" coveredstatements="4" elements="6" coveredelements="6"/>
      </file>
      <file name="/Users/runner/runners/2.169.1/work/data-expectation/data-expectation/src/CallableExpectation.php">
        <class name="DataExpectation\CallableExpectation" namespace="DataExpectation" fullPackage="DataExpectation" package="DataExpectation">
          <metrics complexity="3" methods="2" coveredmethods="2" conditionals="0" coveredconditionals="0" statements="4" coveredstatements="4" elements="6" coveredelements="6"/>
        </class>
        <line num="25" type="method" name="getType" visibility="public" complexity="1" crap="1" count="3"/>
        <line num="27" type="stmt" count="3"/>
        <line num="38" type="method" name="expect" visibility="public" complexity="2" crap="2" count="3"/>
        <line num="40" type="stmt" count="3"/>
        <line num="42" type="stmt" count="2"/>
        <line num="46" type="stmt" count="1"/>
        <metrics loc="50" ncloc="28" classes="1" methods="2" coveredmethods="2" conditionals="0" coveredconditionals="0" statements="4" coveredstatements="4" elements="6" coveredelements="6"/>
      </file>
      <file name="/Users/runner/runners/2.169.1/work/data-expectation/data-expectation/src/ClassExistsExpectation.php">
        <class name="DataExpectation\ClassExistsExpectation" namespace="DataExpectation" fullPackage="DataExpectation" package="DataExpectation">
          <metrics complexity="3" methods="2" coveredmethods="2" conditionals="0" coveredconditionals="0" statements="4" coveredstatements="4" elements="6" coveredelements="6"/>
        </class>
        <line num="25" type="method" name="getType" visibility="public" complexity="1" crap="1" count="2"/>
        <line num="27" type="stmt" count="2"/>
        <line num="38" type="method" name="expect" visibility="public" complexity="2" crap="2" count="2"/>
        <line num="40" type="stmt" count="2"/>
        <line num="42" type="stmt" count="1"/>
        <line num="46" type="stmt" count="1"/>
        <metrics loc="50" ncloc="28" classes="1" methods="2" coveredmethods="2" conditionals="0" coveredconditionals="0" statements="4" coveredstatements="4" elements="6" coveredelements="6"/>
      </file>
      <file name="/Users/runner/runners/2.169.1/work/data-expectation/data-expectation/src/ClassExpectation.php">
        <class name="DataExpectation\ClassExpectation" namespace="DataExpectation" fullPackage="DataExpectation" package="DataExpectation">
          <metrics complexity="8" methods="6" coveredmethods="6" conditionals="0" coveredconditionals="0" statements="11" coveredstatements="11" elements="17" coveredelements="17"/>
        </class>
        <line num="32" type="method" name="__construct" visibility="public" complexity="1" crap="1" count="6"/>
        <line num="34" type="stmt" count="6"/>
        <line num="36" type="stmt" count="6"/>
        <line num="41" type="method" name="jsonSerialize" visibility="public" complexity="1" crap="1" count="1"/>
        <line num="43" type="stmt" count="1"/>
        <line num="45" type="stmt" count="1"/>
        <line num="54" type="method" name="getType" visibility="public" complexity="1" crap="1" count="4"/>
        <line num="56" type="stmt" count="4"/>
        <line num="67" type="method" name="expect" visibility="public" complexity="3" crap="3" count="4"/>
        <line num="69" type="stmt" count="4"/>
        <line num="71" type="stmt" count="3"/>
        <line num="75" type="stmt" count="1"/>
        <line num="82" type="method" name="getName" visibility="public" complexity="1" crap="1" count="5"/>
        <line num="84" type="stmt" count="5"/>
        <line num="93" type="method" name="setName" visibility="public" complexity="1" crap="1" count="6"/>
        <line num="95" type="stmt" count="6"/>
        <line num="96" type="stmt" count="6"/>
        <metrics loc="100" ncloc="59" classes="1" methods="6" coveredmethods="6" conditionals="0" coveredconditionals="0" statements="11" coveredstatements="11" elements="17" coveredelements="17"/>
      </file>
      <file name="/Users/runner/runners/2.169.1/work/data-expectation/data-expectation/src/ClosureExpectation.php">
        <class name="DataExpectation\ClosureExpectation" namespace="DataExpectation" fullPackage="DataExpectation" package="DataExpectation">
          <metrics complexity="4" methods="2" coveredmethods="2" conditionals="0" coveredconditionals="0" statements="4" coveredstatements="4" elements="6" coveredelements="6"/>
        </class>
        <line num="25" type="method" name="getType" visibility="public" complexity="1" crap="1" count="3"/>
        <line num="27" type="stmt" count="3"/>
        <line num="38" type="method" name="expect" visibility="public" complexity="3" crap="3" count="3"/>
        <line num="40" type="stmt" count="3"/>
        <line num="42" type="stmt" count="2"/>
        <line num="46" type="stmt" count="1"/>
        <metrics loc="50" ncloc="28" classes="1" methods="2" coveredmethods="2" conditionals="0" coveredconditionals="0" statements="4" coveredstatements="4" elements="6" coveredelements="6"/>
      </file>
      <file name="/Users/runner/runners/2.169.1/work/data-expectation/data-expectation/src/CountExpectation.php">
        <class name="DataExpectation\CountExpectation" namespace="DataExpectation" fullPackage="DataExpectation" package="DataExpectation">
          <metrics complexity="7" methods="6" coveredmethods="6" conditionals="0" coveredconditionals="0" statements="13" coveredstatements="13" elements="19" coveredelements="19"/>
        </class>
        <line num="35" type="method" name="__construct" visibility="public" complexity="1" crap="1" count="5"/>
        <line num="37" type="stmt" count="5"/>
        <line num="39" type="stmt" count="5"/>
        <line num="44" type="method" name="jsonSerialize" visibility="public" complexity="1" crap="1" count="1"/>
        <line num="46" type="stmt" count="1"/>
        <line num="48" type="stmt" count="1"/>
        <line num="57" type="method" name="getType" visibility="public" complexity="1" crap="1" count="3"/>
        <line num="61" type="stmt" count="3"/>
        <line num="62" type="stmt" count="3"/>
        <line num="73" type="method" name="expect" visibility="public" complexity="2" crap="2" count="3"/>
        <line num="77" type="stmt" count="3"/>
        <line num="79" type="stmt" count="2"/>
        <line num="81" type="stmt" count="2"/>
        <line num="85" type="stmt" count="1"/>
        <line num="92" type="method" name="getExpectation" visibility="public" complexity="1" crap="1" count="4"/>
        <line num="94" type="stmt" count="4"/>
        <line num="103" type="method" name="setExpectation" visibility="public" complexity="1" crap="1" count="5"/>
        <line num="105" type="stmt" count="5"/>
        <line num="106" type="stmt" count="5"/>
        <metrics loc="110" ncloc="69" classes="1" methods="6" coveredmethods="6" conditionals="0" coveredconditionals="0" statements="13" coveredstatements="13" elements="19" coveredelements="19"/>
      </file>
      <file name="/Users/runner/runners/2.169.1/work/data-expectation/data-expectation/src/CountableExpectation.php">
        <class name="DataExpectation\CountableExpectation" namespace="DataExpectation" fullPackage="DataExpectation" package="DataExpectation">
          <metrics complexity="3" methods="2" coveredmethods="2" conditionals="0" coveredconditionals="0" statements="4" coveredstatements="4" elements="6" coveredelements="6"/>
        </class>
        <line num="25" type="method" name="getType" visibility="public" complexity="1" crap="1" count="3"/>
        <line num="27" type="stmt" count="3"/>
        <line num="38" type="method" name="expect" visibility="public" complexity="2" crap="2" count="3"/>
        <line num="40" type="stmt" count="3"/>
        <line num="42" type="stmt" count="2"/>
        <line num="46" type="stmt" count="1"/>
        <metrics loc="50" ncloc="28" classes="1" methods="2" coveredmethods="2" conditionals="0" coveredconditionals="0" statements="4" coveredstatements="4" elements="6" coveredelements="6"/>
      </file>
      <file name="/Users/runner/runners/2.169.1/work/data-expectation/data-expectation/src/DateTimeExpectation.php">
        <class name="DataExpectation\DateTimeExpectation" namespace="DataExpectation" fullPackage="DataExpectation" package="DataExpectation">
          <metrics complexity="7" methods="6" coveredmethods="6" conditionals="0" coveredconditionals="0" statements="11" coveredstatements="11" elements="17" coveredelements="17"/>
        </class>
        <line num="32" type="method" name="__construct" visibility="public" complexity="1" crap="1" count="6"/>
        <line num="34" type="stmt" count="6"/>
        <line num="36" type="stmt" count="6"/>
        <line num="41" type="method" name="jsonSerialize" visibility="public" complexity="1" crap="1" count="1"/>
        <line num="43" type="stmt" count="1"/>
        <line num="45" type="stmt" count="1"/>
        <line num="54" type="method" name="getType" visibility="public" complexity="1" crap="1" count="2"/>
        <line num="56" type="stmt" count="2"/>
        <line num="67" type="method" name="expect" visibility="public" complexity="2" crap="2" count="4"/>
        <line num="69" type="stmt" count="4"/>
        <line num="71" type="stmt" count="1"/>
        <line num="75" type="stmt" count="3"/>
        <line num="82" type="method" name="getFormat" visibility="public" complexity="1" crap="1" count="2"/>
        <line num="84" type="stmt" count="2"/>
        <line num="93" type="method" name="setFormat" visibility="public" complexity="1" crap="1" count="6"/>
        <line num="95" type="stmt" count="6"/>
        <line num="96" type="stmt" count="6"/>
        <metrics loc="100" ncloc="59" classes="1" methods="6" coveredmethods="6" conditionals="0" coveredconditionals="0" statements="11" coveredstatements="11" elements="17" coveredelements="17"/>
      </file>
      <file name="/Users/runner/runners/2.169.1/work/data-expectation/data-expectation/src/EmptyExpectation.php">
        <class name="DataExpectation\EmptyExpectation" namespace="DataExpectation" fullPackage="DataExpectation" package="DataExpectation">
          <metrics complexity="3" methods="2" coveredmethods="2" conditionals="0" coveredconditionals="0" statements="4" coveredstatements="4" elements="6" coveredelements="6"/>
        </class>
        <line num="25" type="method" name="getType" visibility="public" complexity="1" crap="1" count="7"/>
        <line num="27" type="stmt" count="7"/>
        <line num="38" type="method" name="expect" visibility="public" complexity="2" crap="2" count="6"/>
        <line num="40" type="stmt" count="6"/>
        <line num="42" type="stmt" count="2"/>
        <line num="46" type="stmt" count="5"/>
        <metrics loc="50" ncloc="28" classes="1" methods="2" coveredmethods="2" conditionals="0" coveredconditionals="0" statements="4" coveredstatements="4" elements="6" coveredelements="6"/>
      </file>
      <file name="/Users/runner/runners/2.169.1/work/data-expectation/data-expectation/src/EnumExpectation.php">
        <class name="DataExpectation\EnumExpectation" namespace="DataExpectation" fullPackage="DataExpectation" package="DataExpectation">
          <metrics complexity="8" methods="6" coveredmethods="6" conditionals="0" coveredconditionals="0" statements="14" coveredstatements="14" elements="20" coveredelements="20"/>
        </class>
        <line num="35" type="method" name="__construct" visibility="public" complexity="1" crap="1" count="8"/>
        <line num="37" type="stmt" count="8"/>
        <line num="39" type="stmt" count="8"/>
        <line num="44" type="method" name="jsonSerialize" visibility="public" complexity="1" crap="1" count="1"/>
        <line num="46" type="stmt" count="1"/>
        <line num="48" type="stmt" count="1"/>
        <line num="57" type="method" name="getType" visibility="public" complexity="2" crap="2" count="5"/>
        <line num="59" type="stmt" count="5"/>
        <line num="61" type="stmt" count="5"/>
        <line num="63" type="stmt" count="5"/>
        <line num="67" type="stmt" count="5"/>
        <line num="78" type="method" name="expect" visibility="public" complexity="2" crap="2" count="6"/>
        <line num="80" type="stmt" count="6"/>
        <line num="82" type="stmt" count="4"/>
        <line num="86" type="stmt" count="2"/>
        <line num="93" type="method" name="getOptions" visibility="public" complexity="1" crap="1" count="7"/>
        <line num="95" type="stmt" count="7"/>
        <line num="104" type="method" name="setOptions" visibility="public" complexity="1" crap="1" count="8"/>
        <line num="106" type="stmt" count="8"/>
        <line num="107" type="stmt" count="8"/>
        <metrics loc="111" ncloc="70" classes="1" methods="6" coveredmethods="6" conditionals="0" coveredconditionals="0" statements="14" coveredstatements="14" elements="20" coveredelements="20"/>
      </file>
      <file name="/Users/runner/runners/2.169.1/work/data-expectation/data-expectation/src/FloatExpectation.php">
        <class name="DataExpectation\FloatExpectation" namespace="DataExpectation" fullPackage="DataExpectation" package="DataExpectation">
          <metrics complexity="3" methods="2" coveredmethods="2" conditionals="0" coveredconditionals="0" statements="4" coveredstatements="4" elements="6" coveredelements="6"/>
        </class>
        <line num="25" type="method" name="getType" visibility="public" complexity="1" crap="1" count="2"/>
        <line num="27" type="stmt" count="2"/>
        <line num="38" type="method" name="expect" visibility="public" complexity="2" crap="2" count="2"/>
        <line num="40" type="stmt" count="2"/>
        <line num="42" type="stmt" count="1"/>
        <line num="46" type="stmt" count="1"/>
        <metrics loc="50" ncloc="28" classes="1" methods="2" coveredmethods="2" conditionals="0" coveredconditionals="0" statements="4" coveredstatements="4" elements="6" coveredelements="6"/>
      </file>
      <file name="/Users/runner/runners/2.169.1/work/data-expectation/data-expectation/src/FunctionExistsExpectation.php">
        <class name="DataExpectation\FunctionExistsExpectation" namespace="DataExpectation" fullPackage="DataExpectation" package="DataExpectation">
          <metrics complexity="3" methods="2" coveredmethods="2" conditionals="0" coveredconditionals="0" statements="4" coveredstatements="4" elements="6" coveredelements="6"/>
        </class>
        <line num="25" type="method" name="getType" visibility="public" complexity="1" crap="1" count="2"/>
        <line num="27" type="stmt" count="2"/>
        <line num="38" type="method" name="expect" visibility="public" complexity="2" crap="2" count="2"/>
        <line num="40" type="stmt" count="2"/>
        <line num="42" type="stmt" count="1"/>
        <line num="46" type="stmt" count="1"/>
        <metrics loc="50" ncloc="28" classes="1" methods="2" coveredmethods="2" conditionals="0" coveredconditionals="0" statements="4" coveredstatements="4" elements="6" coveredelements="6"/>
      </file>
      <file name="/Users/runner/runners/2.169.1/work/data-expectation/data-expectation/src/GreaterThanExpectation.php">
        <class name="DataExpectation\GreaterThanExpectation" namespace="DataExpectation" fullPackage="DataExpectation" package="DataExpectation">
          <metrics complexity="7" methods="6" coveredmethods="6" conditionals="0" coveredconditionals="0" statements="11" coveredstatements="11" elements="17" coveredelements="17"/>
        </class>
        <line num="32" type="method" name="__construct" visibility="public" complexity="1" crap="1" count="9"/>
        <line num="34" type="stmt" count="9"/>
        <line num="36" type="stmt" count="9"/>
        <line num="41" type="method" name="jsonSerialize" visibility="public" complexity="1" crap="1" count="1"/>
        <line num="43" type="stmt" count="1"/>
        <line num="45" type="stmt" count="1"/>
        <line num="54" type="method" name="getType" visibility="public" complexity="1" crap="1" count="7"/>
        <line num="56" type="stmt" count="7"/>
        <line num="67" type="method" name="expect" visibility="public" complexity="2" crap="2" count="7"/>
        <line num="69" type="stmt" count="7"/>
        <line num="71" type="stmt" count="6"/>
        <line num="75" type="stmt" count="1"/>
        <line num="82" type="method" name="getValue" visibility="public" complexity="1" crap="1" count="8"/>
        <line num="84" type="stmt" count="8"/>
        <line num="93" type="method" name="setValue" visibility="public" complexity="1" crap="1" count="9"/>
        <line num="95" type="stmt" count="9"/>
        <line num="96" type="stmt" count="9"/>
        <metrics loc="100" ncloc="59" classes="1" methods="6" coveredmethods="6" conditionals="0" coveredconditionals="0" statements="11" coveredstatements="11" elements="17" coveredelements="17"/>
      </file>
      <file name="/Users/runner/runners/2.169.1/work/data-expectation/data-expectation/src/GreaterThanOrEqualExpectation.php">
        <class name="DataExpectation\GreaterThanOrEqualExpectation" namespace="DataExpectation" fullPackage="DataExpectation" package="DataExpectation">
          <metrics complexity="7" methods="6" coveredmethods="6" conditionals="0" coveredconditionals="0" statements="11" coveredstatements="11" elements="17" coveredelements="17"/>
        </class>
        <line num="32" type="method" name="__construct" visibility="public" complexity="1" crap="1" count="8"/>
        <line num="34" type="stmt" count="8"/>
        <line num="36" type="stmt" count="8"/>
        <line num="41" type="method" name="jsonSerialize" visibility="public" complexity="1" crap="1" count="1"/>
        <line num="43" type="stmt" count="1"/>
        <line num="45" type="stmt" count="1"/>
        <line num="54" type="method" name="getType" visibility="public" complexity="1" crap="1" count="6"/>
        <line num="56" type="stmt" count="6"/>
        <line num="67" type="method" name="expect" visibility="public" complexity="2" crap="2" count="6"/>
        <line num="69" type="stmt" count="6"/>
        <line num="71" type="stmt" count="5"/>
        <line num="75" type="stmt" count="1"/>
        <line num="82" type="method" name="getValue" visibility="public" complexity="1" crap="1" count="7"/>
        <line num="84" type="stmt" count="7"/>
        <line num="93" type="method" name="setValue" visibility="public" complexity="1" crap="1" count="8"/>
        <line num="95" type="stmt" count="8"/>
        <line num="96" type="stmt" count="8"/>
        <metrics loc="100" ncloc="59" classes="1" methods="6" coveredmethods="6" conditionals="0" coveredconditionals="0" statements="11" coveredstatements="11" elements="17" coveredelements="17"/>
      </file>
      <file name="/Users/runner/runners/2.169.1/work/data-expectation/data-expectation/src/IndexedArrayExpectation.php">
        <class name="DataExpectation\IndexedArrayExpectation" namespace="DataExpectation" fullPackage="DataExpectation" package="DataExpectation">
          <metrics complexity="5" methods="2" coveredmethods="2" conditionals="0" coveredconditionals="0" statements="11" coveredstatements="11" elements="13" coveredelements="13"/>
        </class>
        <line num="25" type="method" name="getType" visibility="public" complexity="1" crap="1" count="6"/>
        <line num="27" type="stmt" count="6"/>
        <line num="38" type="method" name="expect" visibility="public" complexity="4" crap="4" count="6"/>
        <line num="40" type="stmt" count="6"/>
        <line num="42" type="stmt" count="2"/>
        <line num="46" type="stmt" count="4"/>
        <line num="47" type="stmt" count="4"/>
        <line num="49" type="stmt" count="1"/>
        <line num="53" type="stmt" count="4"/>
        <line num="54" type="stmt" count="4"/>
        <line num="56" type="stmt" count="4"/>
        <line num="58" type="stmt" count="3"/>
        <line num="62" type="stmt" count="1"/>
        <metrics loc="66" ncloc="44" classes="1" methods="2" coveredmethods="2" conditionals="0" coveredconditionals="0" statements="11" coveredstatements="11" elements="13" coveredelements="13"/>
      </file>
      <file name="/Users/runner/runners/2.169.1/work/data-expectation/data-expectation/src/IntegerExpectation.php">
        <class name="DataExpectation\IntegerExpectation" namespace="DataExpectation" fullPackage="DataExpectation" package="DataExpectation">
          <metrics complexity="3" methods="2" coveredmethods="2" conditionals="0" coveredconditionals="0" statements="4" coveredstatements="4" elements="6" coveredelements="6"/>
        </class>
        <line num="25" type="method" name="getType" visibility="public" complexity="1" crap="1" count="26"/>
        <line num="27" type="stmt" count="26"/>
        <line num="38" type="method" name="expect" visibility="public" complexity="2" crap="2" count="25"/>
        <line num="40" type="stmt" count="25"/>
        <line num="42" type="stmt" count="15"/>
        <line num="46" type="stmt" count="12"/>
        <metrics loc="50" ncloc="28" classes="1" methods="2" coveredmethods="2" conditionals="0" coveredconditionals="0" statements="4" coveredstatements="4" elements="6" coveredelements="6"/>
      </file>
      <file name="/Users/runner/runners/2.169.1/work/data-expectation/data-expectation/src/IterableExpectation.php">
        <class name="DataExpectation\IterableExpectation" namespace="DataExpectation" fullPackage="DataExpectation" package="DataExpectation">
          <metrics complexity="3" methods="2" coveredmethods="2" conditionals="0" coveredconditionals="0" statements="4" coveredstatements="4" elements="6" coveredelements="6"/>
        </class>
        <line num="25" type="method" name="getType" visibility="public" complexity="1" crap="1" count="3"/>
        <line num="27" type="stmt" count="3"/>
        <line num="38" type="method" name="expect" visibility="public" complexity="2" crap="2" count="3"/>
        <line num="40" type="stmt" count="3"/>
        <line num="42" type="stmt" count="2"/>
        <line num="46" type="stmt" count="1"/>
        <metrics loc="50" ncloc="28" classes="1" methods="2" coveredmethods="2" conditionals="0" coveredconditionals="0" statements="4" coveredstatements="4" elements="6" coveredelements="6"/>
      </file>
      <file name="/Users/runner/runners/2.169.1/work/data-expectation/data-expectation/src/ListExpectation.php">
        <class name="DataExpectation\ListExpectation" namespace="DataExpectation" fullPackage="DataExpectation" package="DataExpectation">
          <metrics complexity="9" methods="6" coveredmethods="6" conditionals="0" coveredconditionals="0" statements="15" coveredstatements="15" elements="21" coveredelements="21"/>
        </class>
        <line num="32" type="method" name="__construct" visibility="public" complexity="1" crap="1" count="26"/>
        <line num="34" type="stmt" count="26"/>
        <line num="36" type="stmt" count="26"/>
        <line num="41" type="method" name="jsonSerialize" visibility="public" complexity="1" crap="1" count="3"/>
        <line num="43" type="stmt" count="3"/>
        <line num="45" type="stmt" count="3"/>
        <line num="54" type="method" name="getType" visibility="public" complexity="1" crap="1" count="18"/>
        <line num="56" type="stmt" count="18"/>
        <line num="67" type="method" name="expect" visibility="public" complexity="4" crap="4" count="16"/>
        <line num="69" type="stmt" count="16"/>
        <line num="73" type="stmt" count="16"/>
        <line num="75" type="stmt" count="16"/>
        <line num="76" type="stmt" count="16"/>
        <line num="80" type="stmt" count="7"/>
        <line num="82" type="stmt" count="7"/>
        <line num="88" type="stmt" count="9"/>
        <line num="95" type="method" name="getExpectation" visibility="public" complexity="1" crap="1" count="23"/>
        <line num="97" type="stmt" count="23"/>
        <line num="106" type="method" name="setExpectation" visibility="public" complexity="1" crap="1" count="26"/>
        <line num="108" type="stmt" count="26"/>
        <line num="109" type="stmt" count="26"/>
        <metrics loc="113" ncloc="72" classes="1" methods="6" coveredmethods="6" conditionals="0" coveredconditionals="0" statements="15" coveredstatements="15" elements="21" coveredelements="21"/>
      </file>
      <file name="/Users/runner/runners/2.169.1/work/data-expectation/data-expectation/src/LowerThanExpectation.php">
        <class name="DataExpectation\LowerThanExpectation" namespace="DataExpectation" fullPackage="DataExpectation" package="DataExpectation">
          <metrics complexity="7" methods="6" coveredmethods="6" conditionals="0" coveredconditionals="0" statements="11" coveredstatements="11" elements="17" coveredelements="17"/>
        </class>
        <line num="32" type="method" name="__construct" visibility="public" complexity="1" crap="1" count="7"/>
        <line num="34" type="stmt" count="7"/>
        <line num="36" type="stmt" count="7"/>
        <line num="41" type="method" name="jsonSerialize" visibility="public" complexity="1" crap="1" count="1"/>
        <line num="43" type="stmt" count="1"/>
        <line num="45" type="stmt" count="1"/>
        <line num="54" type="method" name="getType" visibility="public" complexity="1" crap="1" count="5"/>
        <line num="56" type="stmt" count="5"/>
        <line num="67" type="method" name="expect" visibility="public" complexity="2" crap="2" count="5"/>
        <line num="69" type="stmt" count="5"/>
        <line num="71" type="stmt" count="4"/>
        <line num="75" type="stmt" count="1"/>
        <line num="82" type="method" name="getValue" visibility="public" complexity="1" crap="1" count="6"/>
        <line num="84" type="stmt" count="6"/>
        <line num="93" type="method" name="setValue" visibility="public" complexity="1" crap="1" count="7"/>
        <line num="95" type="stmt" count="7"/>
        <line num="96" type="stmt" count="7"/>
        <metrics loc="100" ncloc="59" classes="1" methods="6" coveredmethods="6" conditionals="0" coveredconditionals="0" statements="11" coveredstatements="11" elements="17" coveredelements="17"/>
      </file>
      <file name="/Users/runner/runners/2.169.1/work/data-expectation/data-expectation/src/LowerThanOrEqualExpectation.php">
        <class name="DataExpectation\LowerThanOrEqualExpectation" namespace="DataExpectation" fullPackage="DataExpectation" package="DataExpectation">
          <metrics complexity="7" methods="6" coveredmethods="6" conditionals="0" coveredconditionals="0" statements="11" coveredstatements="11" elements="17" coveredelements="17"/>
        </class>
        <line num="32" type="method" name="__construct" visibility="public" complexity="1" crap="1" count="5"/>
        <line num="34" type="stmt" count="5"/>
        <line num="36" type="stmt" count="5"/>
        <line num="41" type="method" name="jsonSerialize" visibility="public" complexity="1" crap="1" count="1"/>
        <line num="43" type="stmt" count="1"/>
        <line num="45" type="stmt" count="1"/>
        <line num="54" type="method" name="getType" visibility="public" complexity="1" crap="1" count="3"/>
        <line num="56" type="stmt" count="3"/>
        <line num="67" type="method" name="expect" visibility="public" complexity="2" crap="2" count="3"/>
        <line num="69" type="stmt" count="3"/>
        <line num="71" type="stmt" count="2"/>
        <line num="75" type="stmt" count="1"/>
        <line num="82" type="method" name="getValue" visibility="public" complexity="1" crap="1" count="4"/>
        <line num="84" type="stmt" count="4"/>
        <line num="93" type="method" name="setValue" visibility="public" complexity="1" crap="1" count="5"/>
        <line num="95" type="stmt" count="5"/>
        <line num="96" type="stmt" count="5"/>
        <metrics loc="100" ncloc="59" classes="1" methods="6" coveredmethods="6" conditionals="0" coveredconditionals="0" statements="11" coveredstatements="11" elements="17" coveredelements="17"/>
      </file>
      <file name="/Users/runner/runners/2.169.1/work/data-expectation/data-expectation/src/MapExpectation.php">
        <class name="DataExpectation\MapExpectation" namespace="DataExpectation" fullPackage="DataExpectation" package="DataExpectation">
          <metrics complexity="10" methods="6" coveredmethods="6" conditionals="0" coveredconditionals="0" statements="18" coveredstatements="18" elements="24" coveredelements="24"/>
        </class>
        <line num="35" type="method" name="__construct" visibility="public" complexity="1" crap="1" count="12"/>
        <line num="37" type="stmt" count="12"/>
        <line num="39" type="stmt" count="12"/>
        <line num="44" type="method" name="jsonSerialize" visibility="public" complexity="1" crap="1" count="1"/>
        <line num="46" type="stmt" count="1"/>
        <line num="48" type="stmt" count="1"/>
        <line num="57" type="method" name="getType" visibility="public" complexity="2" crap="2" count="9"/>
        <line num="59" type="stmt" count="9"/>
        <line num="61" type="stmt" count="9"/>
        <line num="63" type="stmt" count="9"/>
        <line num="67" type="stmt" count="9"/>
        <line num="78" type="method" name="expect" visibility="public" complexity="4" crap="4" count="10"/>
        <line num="80" type="stmt" count="10"/>
        <line num="84" type="stmt" count="10"/>
        <line num="86" type="stmt" count="10"/>
        <line num="87" type="stmt" count="10"/>
        <line num="91" type="stmt" count="8"/>
        <line num="93" type="stmt" count="8"/>
        <line num="99" type="stmt" count="2"/>
        <line num="106" type="method" name="getExpectations" visibility="public" complexity="1" crap="1" count="11"/>
        <line num="108" type="stmt" count="11"/>
        <line num="117" type="method" name="setExpectations" visibility="public" complexity="1" crap="1" count="12"/>
        <line num="119" type="stmt" count="12"/>
        <line num="120" type="stmt" count="12"/>
        <metrics loc="124" ncloc="83" classes="1" methods="6" coveredmethods="6" conditionals="0" coveredconditionals="0" statements="18" coveredstatements="18" elements="24" coveredelements="24"/>
      </file>
      <file name="/Users/runner/runners/2.169.1/work/data-expectation/data-expectation/src/NotExpectation.php">
        <class name="DataExpectation\NotExpectation" namespace="DataExpectation" fullPackage="DataExpectation" package="DataExpectation">
          <metrics complexity="7" methods="6" coveredmethods="6" conditionals="0" coveredconditionals="0" statements="12" coveredstatements="12" elements="18" coveredelements="18"/>
        </class>
        <line num="32" type="method" name="__construct" visibility="public" complexity="1" crap="1" count="10"/>
        <line num="34" type="stmt" count="10"/>
        <line num="36" type="stmt" count="10"/>
        <line num="41" type="method" name="jsonSerialize" visibility="public" complexity="1" crap="1" count="2"/>
        <line num="43" type="stmt" count="2"/>
        <line num="45" type="stmt" count="2"/>
        <line num="54" type="method" name="getType" visibility="public" complexity="1" crap="1" count="6"/>
        <line num="56" type="stmt" count="6"/>
        <line num="67" type="method" name="expect" visibility="public" complexity="2" crap="2" count="6"/>
        <line num="71" type="stmt" count="6"/>
        <line num="73" type="stmt" count="2"/>
        <line num="75" type="stmt" count="2"/>
        <line num="79" type="stmt" count="4"/>
        <line num="86" type="method" name="getExpectation" visibility="public" complexity="1" crap="1" count="8"/>
        <line num="88" type="stmt" count="8"/>
        <line num="97" type="method" name="setExpectation" visibility="public" complexity="1" crap="1" count="10"/>
        <line num="99" type="stmt" count="10"/>
        <line num="100" type="stmt" count="10"/>
        <metrics loc="104" ncloc="63" classes="1" methods="6" coveredmethods="6" conditionals="0" coveredconditionals="0" statements="12" coveredstatements="12" elements="18" coveredelements="18"/>
      </file>
      <file name="/Users/runner/runners/2.169.1/work/data-expectation/data-expectation/src/NullExpectation.php">
        <class name="DataExpectation\NullExpectation" namespace="DataExpectation" fullPackage="DataExpectation" package="DataExpectation">
          <metrics complexity="3" methods="2" coveredmethods="2" conditionals="0" coveredconditionals="0" statements="4" coveredstatements="4" elements="6" coveredelements="6"/>
        </class>
        <line num="25" type="method" name="getType" visibility="public" complexity="1" crap="1" count="2"/>
        <line num="27" type="stmt" count="2"/>
        <line num="38" type="method" name="expect" visibility="public" complexity="2" crap="2" count="2"/>
        <line num="40" type="stmt" count="2"/>
        <line num="42" type="stmt" count="1"/>
        <line num="46" type="stmt" count="1"/>
        <metrics loc="50" ncloc="28" classes="1" methods="2" coveredmethods="2" conditionals="0" coveredconditionals="0" statements="4" coveredstatements="4" elements="6" coveredelements="6"/>
      </file>
      <file name="/Users/runner/runners/2.169.1/work/data-expectation/data-expectation/src/NumericExpectation.php">
        <class name="DataExpectation\NumericExpectation" namespace="DataExpectation" fullPackage="DataExpectation" package="DataExpectation">
          <metrics complexity="3" methods="2" coveredmethods="2" conditionals="0" coveredconditionals="0" statements="4" coveredstatements="4" elements="6" coveredelements="6"/>
        </class>
        <line num="25" type="method" name="getType" visibility="public" complexity="1" crap="1" count="2"/>
        <line num="27" type="stmt" count="2"/>
        <line num="38" type="method" name="expect" visibility="public" complexity="2" crap="2" count="2"/>
        <line num="40" type="stmt" count="2"/>
        <line num="42" type="stmt" count="1"/>
        <line num="46" type="stmt" count="1"/>
        <metrics loc="50" ncloc="28" classes="1" methods="2" coveredmethods="2" conditionals="0" coveredconditionals="0" statements="4" coveredstatements="4" elements="6" coveredelements="6"/>
      </file>
      <file name="/Users/runner/runners/2.169.1/work/data-expectation/data-expectation/src/ObjectExpectation.php">
        <class name="DataExpectation\ObjectExpectation" namespace="DataExpectation" fullPackage="DataExpectation" package="DataExpectation">
          <metrics complexity="3" methods="2" coveredmethods="2" conditionals="0" coveredconditionals="0" statements="4" coveredstatements="4" elements="6" coveredelements="6"/>
        </class>
        <line num="25" type="method" name="getType" visibility="public" complexity="1" crap="1" count="2"/>
        <line num="27" type="stmt" count="2"/>
        <line num="38" type="method" name="expect" visibility="public" complexity="2" crap="2" count="2"/>
        <line num="40" type="stmt" count="2"/>
        <line num="42" type="stmt" count="1"/>
        <line num="46" type="stmt" count="1"/>
        <metrics loc="50" ncloc="28" classes="1" methods="2" coveredmethods="2" conditionals="0" coveredconditionals="0" statements="4" coveredstatements="4" elements="6" coveredelements="6"/>
      </file>
      <file name="/Users/runner/runners/2.169.1/work/data-expectation/data-expectation/src/OrExpectation.php">
        <class name="DataExpectation\OrExpectation" namespace="DataExpectation" fullPackage="DataExpectation" package="DataExpectation">
          <metrics complexity="9" methods="6" coveredmethods="6" conditionals="0" coveredconditionals="0" statements="16" coveredstatements="16" elements="22" coveredelements="22"/>
        </class>
        <line num="37" type="method" name="__construct" visibility="public" complexity="1" crap="1" count="7"/>
        <line num="45" type="stmt" count="7"/>
        <line num="47" type="stmt" count="7"/>
        <line num="52" type="method" name="jsonSerialize" visibility="public" complexity="1" crap="1" count="1"/>
        <line num="54" type="stmt" count="1"/>
        <line num="56" type="stmt" count="1"/>
        <line num="65" type="method" name="getType" visibility="public" complexity="2" crap="2" count="5"/>
        <line num="67" type="stmt" count="5"/>
        <line num="69" type="stmt" count="5"/>
        <line num="71" type="stmt" count="5"/>
        <line num="75" type="stmt" count="5"/>
        <line num="86" type="method" name="expect" visibility="public" complexity="3" crap="3" count="5"/>
        <line num="88" type="stmt" count="5"/>
        <line num="92" type="stmt" count="5"/>
        <line num="93" type="stmt" count="1"/>
        <line num="95" type="stmt" count="5"/>
        <line num="99" type="stmt" count="4"/>
        <line num="106" type="method" name="getExpectations" visibility="public" complexity="1" crap="1" count="6"/>
        <line num="108" type="stmt" count="6"/>
        <line num="117" type="method" name="setExpectations" visibility="public" complexity="1" crap="1" count="7"/>
        <line num="119" type="stmt" count="7"/>
        <line num="120" type="stmt" count="7"/>
        <metrics loc="124" ncloc="81" classes="1" methods="6" coveredmethods="6" conditionals="0" coveredconditionals="0" statements="16" coveredstatements="16" elements="22" coveredelements="22"/>
      </file>
      <file name="/Users/runner/runners/2.169.1/work/data-expectation/data-expectation/src/RegexMatchExpectation.php">
        <class name="DataExpectation\RegexMatchExpectation" namespace="DataExpectation" fullPackage="DataExpectation" package="DataExpectation">
          <metrics complexity="7" methods="6" coveredmethods="6" conditionals="0" coveredconditionals="0" statements="11" coveredstatements="11" elements="17" coveredelements="17"/>
        </class>
        <line num="32" type="method" name="__construct" visibility="public" complexity="1" crap="1" count="5"/>
        <line num="34" type="stmt" count="5"/>
        <line num="36" type="stmt" count="5"/>
        <line num="41" type="method" name="jsonSerialize" visibility="public" complexity="1" crap="1" count="1"/>
        <line num="43" type="stmt" count="1"/>
        <line num="45" type="stmt" count="1"/>
        <line num="54" type="method" name="getType" visibility="public" complexity="1" crap="1" count="2"/>
        <line num="56" type="stmt" count="2"/>
        <line num="67" type="method" name="expect" visibility="public" complexity="2" crap="2" count="3"/>
        <line num="69" type="stmt" count="3"/>
        <line num="71" type="stmt" count="1"/>
        <line num="75" type="stmt" count="2"/>
        <line num="82" type="method" name="getPattern" visibility="public" complexity="1" crap="1" count="4"/>
        <line num="84" type="stmt" count="4"/>
        <line num="93" type="method" name="setPattern" visibility="public" complexity="1" crap="1" count="5"/>
        <line num="95" type="stmt" count="5"/>
        <line num="96" type="stmt" count="5"/>
        <metrics loc="100" ncloc="59" classes="1" methods="6" coveredmethods="6" conditionals="0" coveredconditionals="0" statements="11" coveredstatements="11" elements="17" coveredelements="17"/>
      </file>
      <file name="/Users/runner/runners/2.169.1/work/data-expectation/data-expectation/src/RegexPatternExpectation.php">
        <class name="DataExpectation\RegexPatternExpectation" namespace="DataExpectation" fullPackage="DataExpectation" package="DataExpectation">
          <metrics complexity="3" methods="2" coveredmethods="2" conditionals="0" coveredconditionals="0" statements="5" coveredstatements="5" elements="7" coveredelements="7"/>
        </class>
        <line num="25" type="method" name="getType" visibility="public" complexity="1" crap="1" count="2"/>
        <line num="27" type="stmt" count="2"/>
        <line num="38" type="method" name="expect" visibility="public" complexity="2" crap="2" count="2"/>
        <line num="40" type="stmt" count="2"/>
        <line num="42" type="stmt" count="2"/>
        <line num="44" type="stmt" count="1"/>
        <line num="48" type="stmt" count="1"/>
        <metrics loc="52" ncloc="30" classes="1" methods="2" coveredmethods="2" conditionals="0" coveredconditionals="0" statements="5" coveredstatements="5" elements="7" coveredelements="7"/>
      </file>
      <file name="/Users/runner/runners/2.169.1/work/data-expectation/data-expectation/src/ResourceExpectation.php">
        <class name="DataExpectation\ResourceExpectation" namespace="DataExpectation" fullPackage="DataExpectation" package="DataExpectation">
          <metrics complexity="3" methods="2" coveredmethods="2" conditionals="0" coveredconditionals="0" statements="4" coveredstatements="4" elements="6" coveredelements="6"/>
        </class>
        <line num="25" type="method" name="getType" visibility="public" complexity="1" crap="1" count="2"/>
        <line num="27" type="stmt" count="2"/>
        <line num="38" type="method" name="expect" visibility="public" complexity="2" crap="2" count="2"/>
        <line num="40" type="stmt" count="2"/>
        <line num="42" type="stmt" count="1"/>
        <line num="46" type="stmt" count="1"/>
        <metrics loc="50" ncloc="28" classes="1" methods="2" coveredmethods="2" conditionals="0" coveredconditionals="0" statements="4" coveredstatements="4" elements="6" coveredelements="6"/>
      </file>
      <file name="/Users/runner/runners/2.169.1/work/data-expectation/data-expectation/src/ScalarExpectation.php">
        <class name="DataExpectation\ScalarExpectation" namespace="DataExpectation" fullPackage="DataExpectation" package="DataExpectation">
          <metrics complexity="3" methods="2" coveredmethods="2" conditionals="0" coveredconditionals="0" statements="4" coveredstatements="4" elements="6" coveredelements="6"/>
        </class>
        <line num="25" type="method" name="getType" visibility="public" complexity="1" crap="1" count="4"/>
        <line num="27" type="stmt" count="4"/>
        <line num="38" type="method" name="expect" visibility="public" complexity="2" crap="2" count="4"/>
        <line num="40" type="stmt" count="4"/>
        <line num="42" type="stmt" count="3"/>
        <line num="46" type="stmt" count="1"/>
        <metrics loc="50" ncloc="28" classes="1" methods="2" coveredmethods="2" conditionals="0" coveredconditionals="0" statements="4" coveredstatements="4" elements="6" coveredelements="6"/>
      </file>
      <file name="/Users/runner/runners/2.169.1/work/data-expectation/data-expectation/src/StringExpectation.php">
        <class name="DataExpectation\StringExpectation" namespace="DataExpectation" fullPackage="DataExpectation" package="DataExpectation">
          <metrics complexity="3" methods="2" coveredmethods="2" conditionals="0" coveredconditionals="0" statements="4" coveredstatements="4" elements="6" coveredelements="6"/>
        </class>
        <line num="25" type="method" name="getType" visibility="public" complexity="1" crap="1" count="24"/>
        <line num="27" type="stmt" count="24"/>
        <line num="38" type="method" name="expect" visibility="public" complexity="2" crap="2" count="22"/>
        <line num="40" type="stmt" count="22"/>
        <line num="42" type="stmt" count="9"/>
        <line num="46" type="stmt" count="14"/>
        <metrics loc="50" ncloc="28" classes="1" methods="2" coveredmethods="2" conditionals="0" coveredconditionals="0" statements="4" coveredstatements="4" elements="6" coveredelements="6"/>
      </file>
      <file name="/Users/runner/runners/2.169.1/work/data-expectation/data-expectation/src/StringLengthExpectation.php">
        <class name="DataExpectation\StringLengthExpectation" namespace="DataExpectation" fullPackage="DataExpectation" package="DataExpectation">
          <metrics complexity="7" methods="6" coveredmethods="6" conditionals="0" coveredconditionals="0" statements="13" coveredstatements="13" elements="19" coveredelements="19"/>
        </class>
        <line num="35" type="method" name="__construct" visibility="public" complexity="1" crap="1" count="5"/>
        <line num="37" type="stmt" count="5"/>
        <line num="39" type="stmt" count="5"/>
        <line num="44" type="method" name="jsonSerialize" visibility="public" complexity="1" crap="1" count="1"/>
        <line num="46" type="stmt" count="1"/>
        <line num="48" type="stmt" count="1"/>
        <line num="57" type="method" name="getType" visibility="public" complexity="1" crap="1" count="3"/>
        <line num="61" type="stmt" count="3"/>
        <line num="62" type="stmt" count="3"/>
        <line num="73" type="method" name="expect" visibility="public" complexity="2" crap="2" count="3"/>
        <line num="77" type="stmt" count="3"/>
        <line num="79" type="stmt" count="2"/>
        <line num="81" type="stmt" count="2"/>
        <line num="85" type="stmt" count="1"/>
        <line num="92" type="method" name="getExpectation" visibility="public" complexity="1" crap="1" count="4"/>
        <line num="94" type="stmt" count="4"/>
        <line num="103" type="method" name="setExpectation" visibility="public" complexity="1" crap="1" count="5"/>
        <line num="105" type="stmt" count="5"/>
        <line num="106" type="stmt" count="5"/>
        <metrics loc="110" ncloc="69" classes="1" methods="6" coveredmethods="6" conditionals="0" coveredconditionals="0" statements="13" coveredstatements="13" elements="19" coveredelements="19"/>
      </file>
      <file name="/Users/runner/runners/2.169.1/work/data-expectation/data-expectation/src/ValueExpectation.php">
        <class name="DataExpectation\ValueExpectation" namespace="DataExpectation" fullPackage="DataExpectation" package="DataExpectation">
          <metrics complexity="11" methods="6" coveredmethods="6" conditionals="0" coveredconditionals="0" statements="21" coveredstatements="21" elements="27" coveredelements="27"/>
        </class>
        <line num="33" type="method" name="__construct" visibility="public" complexity="1" crap="1" count="35"/>
        <line num="35" type="stmt" count="35"/>
        <line num="37" type="stmt" count="35"/>
        <line num="42" type="method" name="jsonSerialize" visibility="public" complexity="1" crap="1" count="6"/>
        <line num="44" type="stmt" count="6"/>
        <line num="46" type="stmt" count="6"/>
        <line num="55" type="method" name="getType" visibility="public" complexity="5" crap="5" count="21"/>
        <line num="59" type="stmt" count="21"/>
        <line num="60" type="stmt" count="1"/>
        <line num="61" type="stmt" count="1"/>
        <line num="63" type="stmt" count="20"/>
        <line num="64" type="stmt" count="1"/>
        <line num="65" type="stmt" count="1"/>
        <line num="68" type="stmt" count="19"/>
        <line num="72" type="stmt" count="21"/>
        <line num="74" type="stmt" count="5"/>
        <line num="78" type="stmt" count="21"/>
        <line num="89" type="method" name="expect" visibility="public" complexity="2" crap="2" count="23"/>
        <line num="93" type="stmt" count="23"/>
        <line num="95" type="stmt" count="15"/>
        <line num="97" type="stmt" count="15"/>
        <line num="101" type="stmt" count="8"/>
        <line num="108" type="method" name="getValue" visibility="public" complexity="1" crap="1" count="29"/>
        <line num="110" type="stmt" count="29"/>
        <line num="119" type="method" name="setValue" visibility="public" complexity="1" crap="1" count="35"/>
        <line num="121" type="stmt" count="35"/>
        <line num="122" type="stmt" count="35"/>
        <metrics loc="126" ncloc="85" classes="1" methods="6" coveredmethods="6" conditionals="0" coveredconditionals="0" statements="21" coveredstatements="21" elements="27" coveredelements="27"/>
      </file>
    </package>
    <package name="DataExpectation\Exceptions">
      <file name="/Users/runner/runners/2.169.1/work/data-expectation/data-expectation/src/Exceptions/AbstractException.php">
        <class name="DataExpectation\Exceptions\AbstractException" namespace="DataExpectation\Exceptions" fullPackage="DataExpectation" package="DataExpectation">
          <metrics complexity="3" methods="1" coveredmethods="1" conditionals="0" coveredconditionals="0" statements="5" coveredstatements="5" elements="6" coveredelements="6"/>
        </class>
        <line num="38" type="method" name="format" visibility="protected" complexity="3" crap="3" count="106"/>
        <line num="40" type="stmt" count="106"/>
        <line num="42" type="stmt" count="1"/>
        <line num="46" type="stmt" count="106"/>
        <line num="48" type="stmt" count="1"/>
        <line num="52" type="stmt" count="106"/>
        <metrics loc="56" ncloc="33" classes="1" methods="1" coveredmethods="1" conditionals="0" coveredconditionals="0" statements="5" coveredstatements="5" elements="6" coveredelements="6"/>
      </file>
      <file name="/Users/runner/runners/2.169.1/work/data-expectation/data-expectation/src/Exceptions/InvalidExpectationDefinitionException.php">
        <class name="DataExpectation\Exceptions\InvalidExpectationDefinitionException" namespace="DataExpectation\Exceptions" fullPackage="DataExpectation" package="DataExpectation">
          <metrics complexity="1" methods="1" coveredmethods="1" conditionals="0" coveredconditionals="0" statements="4" coveredstatements="4" elements="5" coveredelements="5"/>
        </class>
        <line num="25" type="method" name="__construct" visibility="public" complexity="1" crap="1" count="1"/>
        <line num="27" type="stmt" count="1"/>
        <line num="29" type="stmt" count="1"/>
        <line num="30" type="stmt" count="1"/>
        <line num="34" type="stmt" count="1"/>
        <metrics loc="36" ncloc="19" classes="1" methods="1" coveredmethods="1" conditionals="0" coveredconditionals="0" statements="4" coveredstatements="4" elements="5" coveredelements="5"/>
      </file>
      <file name="/Users/runner/runners/2.169.1/work/data-expectation/data-expectation/src/Exceptions/InvalidExpectationNameException.php">
        <class name="DataExpectation\Exceptions\InvalidExpectationNameException" namespace="DataExpectation\Exceptions" fullPackage="DataExpectation" package="DataExpectation">
          <metrics complexity="1" methods="1" coveredmethods="1" conditionals="0" coveredconditionals="0" statements="2" coveredstatements="2" elements="3" coveredelements="3"/>
        </class>
        <line num="25" type="method" name="__construct" visibility="public" complexity="1" crap="1" count="1"/>
        <line num="27" type="stmt" count="1"/>
        <line num="29" type="stmt" count="1"/>
        <metrics loc="31" ncloc="14" classes="1" methods="1" coveredmethods="1" conditionals="0" coveredconditionals="0" statements="2" coveredstatements="2" elements="3" coveredelements="3"/>
      </file>
      <file name="/Users/runner/runners/2.169.1/work/data-expectation/data-expectation/src/Exceptions/UnexpectedDataException.php">
        <class name="DataExpectation\Exceptions\UnexpectedDataException" namespace="DataExpectation\Exceptions" fullPackage="DataExpectation" package="DataExpectation">
          <metrics complexity="13" methods="10" coveredmethods="10" conditionals="0" coveredconditionals="0" statements="24" coveredstatements="24" elements="34" coveredelements="34"/>
        </class>
        <line num="50" type="method" name="__construct" visibility="public" complexity="2" crap="2" count="105"/>
        <line num="60" type="stmt" count="105"/>
        <line num="61" type="stmt" count="105"/>
        <line num="62" type="stmt" count="105"/>
        <line num="63" type="stmt" count="105"/>
        <line num="65" type="stmt" count="105"/>
        <line num="67" type="stmt" count="105"/>
        <line num="68" type="stmt" count="105"/>
        <line num="69" type="stmt" count="105"/>
        <line num="70" type="stmt" count="105"/>
        <line num="72" type="stmt" count="105"/>
        <line num="74" type="stmt" count="105"/>
        <line num="79" type="method" name="getExpectation" visibility="public" complexity="1" crap="1" count="105"/>
        <line num="81" type="stmt" count="105"/>
        <line num="90" type="method" name="setExpectation" visibility="public" complexity="1" crap="1" count="105"/>
        <line num="92" type="stmt" count="105"/>
        <line num="93" type="stmt" count="105"/>
        <line num="100" type="method" name="getExpected" visibility="public" complexity="1" crap="1" count="105"/>
        <line num="102" type="stmt" count="105"/>
        <line num="111" type="method" name="setExpected" visibility="public" complexity="1" crap="1" count="105"/>
        <line num="113" type="stmt" count="105"/>
        <line num="114" type="stmt" count="105"/>
        <line num="121" type="method" name="getActual" visibility="public" complexity="1" crap="1" count="105"/>
        <line num="123" type="stmt" count="105"/>
        <line num="132" type="method" name="setActual" visibility="public" complexity="1" crap="1" count="105"/>
        <line num="134" type="stmt" count="105"/>
        <line num="135" type="stmt" count="105"/>
        <line num="142" type="method" name="hasAt" visibility="public" complexity="2" crap="2" count="105"/>
        <line num="144" type="stmt" count="105"/>
        <line num="151" type="method" name="getAt" visibility="public" complexity="2" crap="2" count="5"/>
        <line num="153" type="stmt" count="5"/>
        <line num="162" type="method" name="setAt" visibility="public" complexity="1" crap="1" count="105"/>
        <line num="164" type="stmt" count="105"/>
        <line num="165" type="stmt" count="105"/>
        <metrics loc="169" ncloc="102" classes="1" methods="10" coveredmethods="10" conditionals="0" coveredconditionals="0" statements="24" coveredstatements="24" elements="34" coveredelements="34"/>
      </file>
    </package>
    <file name="/Users/runner/runners/2.169.1/work/data-expectation/data-expectation/src/ExpectationInterface.php">
      <metrics loc="36" ncloc="14" classes="0" methods="0" coveredmethods="0" conditionals="0" coveredconditionals="0" statements="0" coveredstatements="0" elements="0" coveredelements="0"/>
    </file>
    <package name="DataExpectation\Traits">
      <file name="/Users/runner/runners/2.169.1/work/data-expectation/data-expectation/src/Traits/IndentTrait.php">
        <class name="IndentTrait" namespace="DataExpectation\Traits" fullPackage="DataExpectation" package="DataExpectation">
          <metrics complexity="1" methods="1" coveredmethods="1" conditionals="0" coveredconditionals="0" statements="1" coveredstatements="1" elements="2" coveredelements="2"/>
        </class>
        <line num="25" type="method" name="indent" visibility="protected" complexity="1" crap="1" count="35"/>
        <line num="27" type="stmt" count="35"/>
        <metrics loc="31" ncloc="14" classes="1" methods="1" coveredmethods="1" conditionals="0" coveredconditionals="0" statements="1" coveredstatements="1" elements="2" coveredelements="2"/>
      </file>
    </package>
    <metrics files="47" loc="3720" ncloc="2246" classes="46" methods="179" coveredmethods="179" conditionals="0" coveredconditionals="0" statements="422" coveredstatements="422" elements="601" coveredelements="601"/>
  </project>
</coverage>
